DEBUG [2021-07-03 00:00:13] Loading  Data/GMT/c2.cp.kegg.v7.4.symbols.gmt
DEBUG [2021-07-03 00:00:13] c2.cp.kegg.v7.4.symbols.gmt loaded successfully.
INFO  [2021-07-03 00:00:13] c2.cp.kegg.v7.4.symbols.gmt has  186 pathways.
INFO  [2021-07-03 00:00:13] {{ 1 }} common genes between pertData and pathway {{ KEGG_N_GLYCAN_BIOSYNTHESIS }}: {{ RPN1 }}
INFO  [2021-07-03 00:00:13] drug_sanity_check passed.
DEBUG [2021-07-03 00:37:04] Loading  Data/GMT/c2.cp.kegg.v7.4.symbols.gmt
DEBUG [2021-07-03 00:37:04] c2.cp.kegg.v7.4.symbols.gmt loaded successfully.
INFO  [2021-07-03 00:37:04] c2.cp.kegg.v7.4.symbols.gmt has  186 pathways.
INFO  [2021-07-03 00:37:04] {{ 1 }} common genes between pertData and pathway {{ KEGG_GLYCOSPHINGOLIPID_BIOSYNTHESIS_GLOBO_SERIES }}: {{ FUT1 }}
INFO  [2021-07-03 00:37:04] drug_sanity_check passed.
DEBUG [2021-07-03 00:37:16] Loading  Data/GMT/c2.cp.kegg.v7.4.symbols.gmt
DEBUG [2021-07-03 00:37:16] c2.cp.kegg.v7.4.symbols.gmt loaded successfully.
INFO  [2021-07-03 00:37:16] c2.cp.kegg.v7.4.symbols.gmt has  186 pathways.
INFO  [2021-07-03 00:37:16] {{ 3 }} common genes between pertData and pathway {{ KEGG_RNA_POLYMERASE }}: {{ POLR1C }}{{ 3 }} common genes between pertData and pathway {{ KEGG_RNA_POLYMERASE }}: {{ POLR2I }}{{ 3 }} common genes between pertData and pathway {{ KEGG_RNA_POLYMERASE }}: {{ POLR2K }}
INFO  [2021-07-03 00:37:16] drug_sanity_check passed.
DEBUG [2021-07-03 00:54:55] Loading  Data/GMT/c2.cp.kegg.v7.4.symbols.gmt
DEBUG [2021-07-03 00:54:55] c2.cp.kegg.v7.4.symbols.gmt loaded successfully.
INFO  [2021-07-03 00:54:55] c2.cp.kegg.v7.4.symbols.gmt has  186 pathways.
INFO  [2021-07-03 00:54:55] {{ 1 }} common genes between pertData and pathway {{ KEGG_N_GLYCAN_BIOSYNTHESIS }}: {{ RPN1 }}
INFO  [2021-07-03 00:54:55] drug_sanity_check passed.
DEBUG [2021-07-03 13:16:17] Loading  Data/GMT/c2.cp.kegg.v7.4.symbols.gmt
DEBUG [2021-07-03 13:16:17] c2.cp.kegg.v7.4.symbols.gmt loaded successfully.
INFO  [2021-07-03 13:16:18] c2.cp.kegg.v7.4.symbols.gmt has {{ 186 }} pathways.
INFO  [2021-07-03 13:16:18] {{ 1 }} common genes between pertData and pathway {{ KEGG_N_GLYCAN_BIOSYNTHESIS }}: {{ RPN1 }}
DEBUG [2021-07-03 13:17:41] Loading  Data/GMT/c2.cp.kegg.v7.4.symbols.gmt
DEBUG [2021-07-03 13:17:41] c2.cp.kegg.v7.4.symbols.gmt loaded successfully.
INFO  [2021-07-03 13:17:41] c2.cp.kegg.v7.4.symbols.gmt has {{ 186 }} pathways.
INFO  [2021-07-03 13:17:42] {{ 6 }} common genes between pertData and pathway {{ KEGG_RNA_POLYMERASE }}: {{ ACAT2 }}{{ 6 }} common genes between pertData and pathway {{ KEGG_RNA_POLYMERASE }}: {{ ACLY }}{{ 6 }} common genes between pertData and pathway {{ KEGG_RNA_POLYMERASE }}: {{ FDFT1 }}{{ 6 }} common genes between pertData and pathway {{ KEGG_RNA_POLYMERASE }}: {{ HMGCR }}{{ 6 }} common genes between pertData and pathway {{ KEGG_RNA_POLYMERASE }}: {{ HMGCS1 }}{{ 6 }} common genes between pertData and pathway {{ KEGG_RNA_POLYMERASE }}: {{ INSIG1 }}
INFO  [2021-07-03 13:17:42] drug_sanity_check passed.
DEBUG [2021-07-03 13:21:48] Loading  Data/GMT/c2.cp.kegg.v7.4.symbols.gmt
DEBUG [2021-07-03 13:21:48] c2.cp.kegg.v7.4.symbols.gmt loaded successfully.
INFO  [2021-07-03 13:21:48] c2.cp.kegg.v7.4.symbols.gmt has {{ 186 }} pathways.
INFO  [2021-07-03 13:21:48] {{ 6 }} common genes between pertData and pathway {{ KEGG_RNA_POLYMERASE }}: {{ ACAT2 }}{{ 6 }} common genes between pertData and pathway {{ KEGG_RNA_POLYMERASE }}: {{ ACLY }}{{ 6 }} common genes between pertData and pathway {{ KEGG_RNA_POLYMERASE }}: {{ FDFT1 }}{{ 6 }} common genes between pertData and pathway {{ KEGG_RNA_POLYMERASE }}: {{ HMGCR }}{{ 6 }} common genes between pertData and pathway {{ KEGG_RNA_POLYMERASE }}: {{ HMGCS1 }}{{ 6 }} common genes between pertData and pathway {{ KEGG_RNA_POLYMERASE }}: {{ INSIG1 }}
DEBUG [2021-07-03 13:23:30] Loading  Data/GMT/c2.cp.kegg.v7.4.symbols.gmt
DEBUG [2021-07-03 13:23:30] c2.cp.kegg.v7.4.symbols.gmt loaded successfully.
INFO  [2021-07-03 13:23:30] c2.cp.kegg.v7.4.symbols.gmt has {{ 186 }} pathways.
INFO  [2021-07-03 13:23:30] {{ 6 }} common genes between pertData and pathway {{ KEGG_RNA_POLYMERASE }}: {{ ACAT2 }}{{ 6 }} common genes between pertData and pathway {{ KEGG_RNA_POLYMERASE }}: {{ ACLY }}{{ 6 }} common genes between pertData and pathway {{ KEGG_RNA_POLYMERASE }}: {{ FDFT1 }}{{ 6 }} common genes between pertData and pathway {{ KEGG_RNA_POLYMERASE }}: {{ HMGCR }}{{ 6 }} common genes between pertData and pathway {{ KEGG_RNA_POLYMERASE }}: {{ HMGCS1 }}{{ 6 }} common genes between pertData and pathway {{ KEGG_RNA_POLYMERASE }}: {{ INSIG1 }}
INFO  [2021-07-03 13:23:30] Start [drug_sanity_check]...
DEBUG [2021-07-03 13:24:25] Loading  Data/GMT/c2.cp.kegg.v7.4.symbols.gmt
DEBUG [2021-07-03 13:24:25] c2.cp.kegg.v7.4.symbols.gmt loaded successfully.
INFO  [2021-07-03 13:24:25] c2.cp.kegg.v7.4.symbols.gmt has {{ 186 }} pathways.
INFO  [2021-07-03 13:24:25] {{ 6 }} common genes between pertData and pathway {{ KEGG_RNA_POLYMERASE }}: {{ ACAT2 }}{{ 6 }} common genes between pertData and pathway {{ KEGG_RNA_POLYMERASE }}: {{ ACLY }}{{ 6 }} common genes between pertData and pathway {{ KEGG_RNA_POLYMERASE }}: {{ FDFT1 }}{{ 6 }} common genes between pertData and pathway {{ KEGG_RNA_POLYMERASE }}: {{ HMGCR }}{{ 6 }} common genes between pertData and pathway {{ KEGG_RNA_POLYMERASE }}: {{ HMGCS1 }}{{ 6 }} common genes between pertData and pathway {{ KEGG_RNA_POLYMERASE }}: {{ INSIG1 }}
INFO  [2021-07-03 13:24:25] Start [drug_sanity_check]...
DEBUG [2021-07-03 13:24:25] [drug_sanity_check] Checking:  ncol(sensData) != ncol(pertData)
DEBUG [2021-07-03 13:24:25] [drug_sanity_check] Checking:  all(colnames(pertData) != colnames(sensData))
DEBUG [2021-07-03 13:24:25] [drug_sanity_check] Checking:  all(colnames(pertData) != names(strcData))
DEBUG [2021-07-03 13:24:25] [drug_sanity_check] Checking:  ncol(sensData) != length(strcData)
INFO  [2021-07-03 13:24:25] drug_sanity_check passed.
DEBUG [2021-07-03 13:45:53] Loading  Data/GMT/c2.cp.kegg.v7.4.symbols.gmt
DEBUG [2021-07-03 13:45:53] c2.cp.kegg.v7.4.symbols.gmt loaded successfully.
INFO  [2021-07-03 13:45:53] c2.cp.kegg.v7.4.symbols.gmt has ( 186 ) pathways.
INFO  [2021-07-03 13:45:53] {{ 6 }} common genes between pertData and pathway {{ KEGG_RNA_POLYMERASE }}: {{ ACAT2 }}{{ 6 }} common genes between pertData and pathway {{ KEGG_RNA_POLYMERASE }}: {{ ACLY }}{{ 6 }} common genes between pertData and pathway {{ KEGG_RNA_POLYMERASE }}: {{ FDFT1 }}{{ 6 }} common genes between pertData and pathway {{ KEGG_RNA_POLYMERASE }}: {{ HMGCR }}{{ 6 }} common genes between pertData and pathway {{ KEGG_RNA_POLYMERASE }}: {{ HMGCS1 }}{{ 6 }} common genes between pertData and pathway {{ KEGG_RNA_POLYMERASE }}: {{ INSIG1 }}
INFO  [2021-07-03 13:45:53] **[drug_sanity_check] start**
DEBUG [2021-07-03 13:45:53] [ drug_sanity_check ] checking:  ncol(sensData) != ncol(pertData)
DEBUG [2021-07-03 13:45:53] [ drug_sanity_check ] checking:  all(colnames(pertData) != colnames(sensData))
DEBUG [2021-07-03 13:45:53] [ drug_sanity_check ] checking:  all(colnames(pertData) != names(strcData))
DEBUG [2021-07-03 13:45:53] [ drug_sanity_check ] checking:  ncol(sensData) != length(strcData)
INFO  [2021-07-03 13:45:53] **[drug_sanity_check] PASSED.**
DEBUG [2021-07-03 13:46:04] Loading  Data/GMT/c2.cp.kegg.v7.4.symbols.gmt
DEBUG [2021-07-03 13:46:04] c2.cp.kegg.v7.4.symbols.gmt loaded successfully.
INFO  [2021-07-03 13:46:04] c2.cp.kegg.v7.4.symbols.gmt has ( 186 ) pathways.
INFO  [2021-07-03 13:46:04] {{ 6 }} common genes between pertData and pathway {{ KEGG_RNA_POLYMERASE }}: {{ ACAT2 }}{{ 6 }} common genes between pertData and pathway {{ KEGG_RNA_POLYMERASE }}: {{ ACLY }}{{ 6 }} common genes between pertData and pathway {{ KEGG_RNA_POLYMERASE }}: {{ FDFT1 }}{{ 6 }} common genes between pertData and pathway {{ KEGG_RNA_POLYMERASE }}: {{ HMGCR }}{{ 6 }} common genes between pertData and pathway {{ KEGG_RNA_POLYMERASE }}: {{ HMGCS1 }}{{ 6 }} common genes between pertData and pathway {{ KEGG_RNA_POLYMERASE }}: {{ INSIG1 }}
INFO  [2021-07-03 13:46:04] **[drug_sanity_check] start**
DEBUG [2021-07-03 13:47:12] Loading  Data/GMT/c2.cp.kegg.v7.4.symbols.gmt
DEBUG [2021-07-03 13:47:12] c2.cp.kegg.v7.4.symbols.gmt loaded successfully.
INFO  [2021-07-03 13:47:12] c2.cp.kegg.v7.4.symbols.gmt has ( 186 ) pathways.
INFO  [2021-07-03 13:47:12] {{ 6 }} common genes between pertData and pathway {{ KEGG_RNA_POLYMERASE }}: {{ ACAT2 }}{{ 6 }} common genes between pertData and pathway {{ KEGG_RNA_POLYMERASE }}: {{ ACLY }}{{ 6 }} common genes between pertData and pathway {{ KEGG_RNA_POLYMERASE }}: {{ FDFT1 }}{{ 6 }} common genes between pertData and pathway {{ KEGG_RNA_POLYMERASE }}: {{ HMGCR }}{{ 6 }} common genes between pertData and pathway {{ KEGG_RNA_POLYMERASE }}: {{ HMGCS1 }}{{ 6 }} common genes between pertData and pathway {{ KEGG_RNA_POLYMERASE }}: {{ INSIG1 }}
INFO  [2021-07-03 13:47:12] **[drug_sanity_check] start**
DEBUG [2021-07-03 13:50:34] Loading  Data/GMT/c2.cp.kegg.v7.4.symbols.gmt
DEBUG [2021-07-03 13:50:34] c2.cp.kegg.v7.4.symbols.gmt loaded successfully.
INFO  [2021-07-03 13:50:34] c2.cp.kegg.v7.4.symbols.gmt has ( 186 ) pathways.
INFO  [2021-07-03 13:50:34] {{ 6 }} common genes between pertData and pathway {{ KEGG_RNA_POLYMERASE }}: {{ ACAT2 }}{{ 6 }} common genes between pertData and pathway {{ KEGG_RNA_POLYMERASE }}: {{ ACLY }}{{ 6 }} common genes between pertData and pathway {{ KEGG_RNA_POLYMERASE }}: {{ FDFT1 }}{{ 6 }} common genes between pertData and pathway {{ KEGG_RNA_POLYMERASE }}: {{ HMGCR }}{{ 6 }} common genes between pertData and pathway {{ KEGG_RNA_POLYMERASE }}: {{ HMGCS1 }}{{ 6 }} common genes between pertData and pathway {{ KEGG_RNA_POLYMERASE }}: {{ INSIG1 }}
DEBUG [2021-07-03 13:51:16] Loading  Data/GMT/c2.cp.kegg.v7.4.symbols.gmt
DEBUG [2021-07-03 13:51:16] c2.cp.kegg.v7.4.symbols.gmt loaded successfully.
INFO  [2021-07-03 13:51:16] c2.cp.kegg.v7.4.symbols.gmt has ( 186 ) pathways.
INFO  [2021-07-03 13:51:16] {{ 6 }} common genes between pertData and pathway {{ KEGG_RNA_POLYMERASE }}: {{ ACAT2 }}{{ 6 }} common genes between pertData and pathway {{ KEGG_RNA_POLYMERASE }}: {{ ACLY }}{{ 6 }} common genes between pertData and pathway {{ KEGG_RNA_POLYMERASE }}: {{ FDFT1 }}{{ 6 }} common genes between pertData and pathway {{ KEGG_RNA_POLYMERASE }}: {{ HMGCR }}{{ 6 }} common genes between pertData and pathway {{ KEGG_RNA_POLYMERASE }}: {{ HMGCS1 }}{{ 6 }} common genes between pertData and pathway {{ KEGG_RNA_POLYMERASE }}: {{ INSIG1 }}
INFO  [2021-07-03 13:51:16] ** drug_sanity_check start**** pertData start**** sensData start**** strcData start**
DEBUG [2021-07-03 13:51:16] [ drug_sanity_check ] checking:  ncol(sensData) != ncol(pertData)[ pertData ] checking:  ncol(sensData) != ncol(pertData)[ sensData ] checking:  ncol(sensData) != ncol(pertData)[ strcData ] checking:  ncol(sensData) != ncol(pertData)
DEBUG [2021-07-03 13:51:16] [ drug_sanity_check ] checking:  all(colnames(pertData) != colnames(sensData))[ pertData ] checking:  all(colnames(pertData) != colnames(sensData))[ sensData ] checking:  all(colnames(pertData) != colnames(sensData))[ strcData ] checking:  all(colnames(pertData) != colnames(sensData))
DEBUG [2021-07-03 13:51:16] [ drug_sanity_check ] checking:  all(colnames(pertData) != names(strcData))[ pertData ] checking:  all(colnames(pertData) != names(strcData))[ sensData ] checking:  all(colnames(pertData) != names(strcData))[ strcData ] checking:  all(colnames(pertData) != names(strcData))
DEBUG [2021-07-03 13:51:16] [ drug_sanity_check ] checking:  ncol(sensData) != length(strcData)[ pertData ] checking:  ncol(sensData) != length(strcData)[ sensData ] checking:  ncol(sensData) != length(strcData)[ strcData ] checking:  ncol(sensData) != length(strcData)
INFO  [2021-07-03 13:51:16] **[drug_sanity_check] PASSED.**
INFO  [2021-07-03 14:04:53] **[ read_gmt ] loading  Data/GMT/c2.cp.kegg.v7.4.symbols.gmt ****[ gmt_path ] loading  Data/GMT/c2.cp.kegg.v7.4.symbols.gmt ****[ DNF_logger ] loading  Data/GMT/c2.cp.kegg.v7.4.symbols.gmt **
DEBUG [2021-07-03 14:04:53] [ read_gmt ] checking:  # of pathways does not match with # of geneset.name[ gmt_path ] checking:  # of pathways does not match with # of geneset.name[ DNF_logger ] checking:  # of pathways does not match with # of geneset.name
ERROR [2021-07-03 14:04:53] **[ read_gmt ] FAILED**
. 	REASON:  # of pathways does not match with # of geneset.name**[ gmt_path ] FAILED**
. 	REASON:  # of pathways does not match with # of geneset.name**[ DNF_logger ] FAILED**
. 	REASON:  # of pathways does not match with # of geneset.name
INFO  [2021-07-03 14:05:26] **[ read_gmt ] loading  Data/GMT/c2.cp.kegg.v7.4.symbols.gmt ****[ gmt_path ] loading  Data/GMT/c2.cp.kegg.v7.4.symbols.gmt ****[ DNF_logger ] loading  Data/GMT/c2.cp.kegg.v7.4.symbols.gmt **
DEBUG [2021-07-03 14:05:26] [ read_gmt ] checking:  # of pathways does not match with # of geneset.name[ gmt_path ] checking:  # of pathways does not match with # of geneset.name[ DNF_logger ] checking:  # of pathways does not match with # of geneset.name
ERROR [2021-07-03 14:05:26] **[ read_gmt ] FAILED**
. 	REASON:  # of pathways does not match with # of geneset.name**[ gmt_path ] FAILED**
. 	REASON:  # of pathways does not match with # of geneset.name**[ DNF_logger ] FAILED**
. 	REASON:  # of pathways does not match with # of geneset.name
INFO  [2021-07-03 14:06:03] **[ read_gmt ] loading  Data/GMT/c2.cp.kegg.v7.4.symbols.gmt ****[ gmt_path ] loading  Data/GMT/c2.cp.kegg.v7.4.symbols.gmt ****[ DNF_logger ] loading  Data/GMT/c2.cp.kegg.v7.4.symbols.gmt **
DEBUG [2021-07-03 14:06:03] [ read_gmt ] checking:  # of pathways does not match with # of geneset.name[ gmt_path ] checking:  # of pathways does not match with # of geneset.name[ DNF_logger ] checking:  # of pathways does not match with # of geneset.name
INFO  [2021-07-03 14:06:03] **[ read_gmt ]  c2.cp.kegg.v7.4.symbols.gmt loaded successfully.****[ gmt_path ]  c2.cp.kegg.v7.4.symbols.gmt loaded successfully.****[ DNF_logger ]  c2.cp.kegg.v7.4.symbols.gmt loaded successfully.**
INFO  [2021-07-03 14:06:03] c2.cp.kegg.v7.4.symbols.gmt has ( 186 ) pathways.
INFO  [2021-07-03 14:06:03] {{ 6 }} common genes between pertData and pathway {{ KEGG_RNA_POLYMERASE }}: {{ ACAT2 }}{{ 6 }} common genes between pertData and pathway {{ KEGG_RNA_POLYMERASE }}: {{ ACLY }}{{ 6 }} common genes between pertData and pathway {{ KEGG_RNA_POLYMERASE }}: {{ FDFT1 }}{{ 6 }} common genes between pertData and pathway {{ KEGG_RNA_POLYMERASE }}: {{ HMGCR }}{{ 6 }} common genes between pertData and pathway {{ KEGG_RNA_POLYMERASE }}: {{ HMGCS1 }}{{ 6 }} common genes between pertData and pathway {{ KEGG_RNA_POLYMERASE }}: {{ INSIG1 }}
INFO  [2021-07-03 14:06:03] ** drug_sanity_check start**** pertData start**** sensData start**** strcData start**
DEBUG [2021-07-03 14:06:03] [ drug_sanity_check ] checking:  ncol(sensData) != ncol(pertData)[ pertData ] checking:  ncol(sensData) != ncol(pertData)[ sensData ] checking:  ncol(sensData) != ncol(pertData)[ strcData ] checking:  ncol(sensData) != ncol(pertData)
DEBUG [2021-07-03 14:06:03] [ drug_sanity_check ] checking:  all(colnames(pertData) != colnames(sensData))[ pertData ] checking:  all(colnames(pertData) != colnames(sensData))[ sensData ] checking:  all(colnames(pertData) != colnames(sensData))[ strcData ] checking:  all(colnames(pertData) != colnames(sensData))
DEBUG [2021-07-03 14:06:03] [ drug_sanity_check ] checking:  all(colnames(pertData) != names(strcData))[ pertData ] checking:  all(colnames(pertData) != names(strcData))[ sensData ] checking:  all(colnames(pertData) != names(strcData))[ strcData ] checking:  all(colnames(pertData) != names(strcData))
DEBUG [2021-07-03 14:06:03] [ drug_sanity_check ] checking:  ncol(sensData) != length(strcData)[ pertData ] checking:  ncol(sensData) != length(strcData)[ sensData ] checking:  ncol(sensData) != length(strcData)[ strcData ] checking:  ncol(sensData) != length(strcData)
INFO  [2021-07-03 14:06:57] **[ read_gmt ] loading  Data/GMT/c2.cp.kegg.v7.4.symbols.gmt ****[ gmt_path ] loading  Data/GMT/c2.cp.kegg.v7.4.symbols.gmt ****[ DNF_logger ] loading  Data/GMT/c2.cp.kegg.v7.4.symbols.gmt **
DEBUG [2021-07-03 14:06:57] [ read_gmt ] checking:  # of pathways does not match with # of geneset.name[ gmt_path ] checking:  # of pathways does not match with # of geneset.name[ DNF_logger ] checking:  # of pathways does not match with # of geneset.name
INFO  [2021-07-03 14:06:57] **[ read_gmt ]  c2.cp.kegg.v7.4.symbols.gmt loaded successfully.****[ gmt_path ]  c2.cp.kegg.v7.4.symbols.gmt loaded successfully.****[ DNF_logger ]  c2.cp.kegg.v7.4.symbols.gmt loaded successfully.**
INFO  [2021-07-03 14:06:57] c2.cp.kegg.v7.4.symbols.gmt has ( 186 ) pathways.
INFO  [2021-07-03 14:06:57] {{ 6 }} common genes between pertData and pathway {{ KEGG_RNA_POLYMERASE }}: {{ ACAT2 }}{{ 6 }} common genes between pertData and pathway {{ KEGG_RNA_POLYMERASE }}: {{ ACLY }}{{ 6 }} common genes between pertData and pathway {{ KEGG_RNA_POLYMERASE }}: {{ FDFT1 }}{{ 6 }} common genes between pertData and pathway {{ KEGG_RNA_POLYMERASE }}: {{ HMGCR }}{{ 6 }} common genes between pertData and pathway {{ KEGG_RNA_POLYMERASE }}: {{ HMGCS1 }}{{ 6 }} common genes between pertData and pathway {{ KEGG_RNA_POLYMERASE }}: {{ INSIG1 }}
INFO  [2021-07-03 14:06:57] ** drug_sanity_check start**** pertData start**** sensData start**** strcData start**
DEBUG [2021-07-03 14:06:57] [ drug_sanity_check ] checking:  ncol(sensData) != ncol(pertData)[ pertData ] checking:  ncol(sensData) != ncol(pertData)[ sensData ] checking:  ncol(sensData) != ncol(pertData)[ strcData ] checking:  ncol(sensData) != ncol(pertData)
DEBUG [2021-07-03 14:06:57] [ drug_sanity_check ] checking:  all(colnames(pertData) != colnames(sensData))[ pertData ] checking:  all(colnames(pertData) != colnames(sensData))[ sensData ] checking:  all(colnames(pertData) != colnames(sensData))[ strcData ] checking:  all(colnames(pertData) != colnames(sensData))
DEBUG [2021-07-03 14:06:57] [ drug_sanity_check ] checking:  all(colnames(pertData) != names(strcData))[ pertData ] checking:  all(colnames(pertData) != names(strcData))[ sensData ] checking:  all(colnames(pertData) != names(strcData))[ strcData ] checking:  all(colnames(pertData) != names(strcData))
DEBUG [2021-07-03 14:06:57] [ drug_sanity_check ] checking:  ncol(sensData) != length(strcData)[ pertData ] checking:  ncol(sensData) != length(strcData)[ sensData ] checking:  ncol(sensData) != length(strcData)[ strcData ] checking:  ncol(sensData) != length(strcData)
INFO  [2021-07-03 14:06:57] ** drug_sanity_check PASSED.**** pertData PASSED.**** sensData PASSED.**** strcData PASSED.**
INFO  [2021-07-03 14:07:26] **[ read_gmt ] loading  Data/GMT/c2.cp.kegg.v7.4.symbols.gmt ****[ gmt_path ] loading  Data/GMT/c2.cp.kegg.v7.4.symbols.gmt ****[ DNF_logger ] loading  Data/GMT/c2.cp.kegg.v7.4.symbols.gmt **
DEBUG [2021-07-03 14:07:26] [ read_gmt ] checking:  # of pathways does not match with # of geneset.name[ gmt_path ] checking:  # of pathways does not match with # of geneset.name[ DNF_logger ] checking:  # of pathways does not match with # of geneset.name
INFO  [2021-07-03 14:07:26] **[ read_gmt ]  c2.cp.kegg.v7.4.symbols.gmt loaded successfully.****[ gmt_path ]  c2.cp.kegg.v7.4.symbols.gmt loaded successfully.****[ DNF_logger ]  c2.cp.kegg.v7.4.symbols.gmt loaded successfully.**
INFO  [2021-07-03 14:07:26] c2.cp.kegg.v7.4.symbols.gmt has ( 186 ) pathways.
INFO  [2021-07-03 14:07:26] {{ 6 }} common genes between pertData and pathway {{ KEGG_RNA_POLYMERASE }}: {{ ACAT2 }}{{ 6 }} common genes between pertData and pathway {{ KEGG_RNA_POLYMERASE }}: {{ ACLY }}{{ 6 }} common genes between pertData and pathway {{ KEGG_RNA_POLYMERASE }}: {{ FDFT1 }}{{ 6 }} common genes between pertData and pathway {{ KEGG_RNA_POLYMERASE }}: {{ HMGCR }}{{ 6 }} common genes between pertData and pathway {{ KEGG_RNA_POLYMERASE }}: {{ HMGCS1 }}{{ 6 }} common genes between pertData and pathway {{ KEGG_RNA_POLYMERASE }}: {{ INSIG1 }}
INFO  [2021-07-03 14:07:26] ** drug_sanity_check start**** pertData start**** sensData start**** strcData start**
DEBUG [2021-07-03 14:07:26] [ drug_sanity_check ] checking:  ncol(sensData) != ncol(pertData)[ pertData ] checking:  ncol(sensData) != ncol(pertData)[ sensData ] checking:  ncol(sensData) != ncol(pertData)[ strcData ] checking:  ncol(sensData) != ncol(pertData)
DEBUG [2021-07-03 14:07:26] [ drug_sanity_check ] checking:  all(colnames(pertData) != colnames(sensData))[ pertData ] checking:  all(colnames(pertData) != colnames(sensData))[ sensData ] checking:  all(colnames(pertData) != colnames(sensData))[ strcData ] checking:  all(colnames(pertData) != colnames(sensData))
DEBUG [2021-07-03 14:07:26] [ drug_sanity_check ] checking:  all(colnames(pertData) != names(strcData))[ pertData ] checking:  all(colnames(pertData) != names(strcData))[ sensData ] checking:  all(colnames(pertData) != names(strcData))[ strcData ] checking:  all(colnames(pertData) != names(strcData))
DEBUG [2021-07-03 14:07:26] [ drug_sanity_check ] checking:  ncol(sensData) != length(strcData)[ pertData ] checking:  ncol(sensData) != length(strcData)[ sensData ] checking:  ncol(sensData) != length(strcData)[ strcData ] checking:  ncol(sensData) != length(strcData)
INFO  [2021-07-03 14:07:26] ** drug_sanity_check PASSED.**** pertData PASSED.**** sensData PASSED.**** strcData PASSED.**
INFO  [2021-07-03 14:08:04] **[ read_gmt ] loading  Data/GMT/c2.cp.kegg.v7.4.symbols.gmt ****[ gmt_path ] loading  Data/GMT/c2.cp.kegg.v7.4.symbols.gmt ****[ DNF_logger ] loading  Data/GMT/c2.cp.kegg.v7.4.symbols.gmt **
DEBUG [2021-07-03 14:08:04] [ read_gmt ] checking:  # of pathways does not match with # of geneset.name[ gmt_path ] checking:  # of pathways does not match with # of geneset.name[ DNF_logger ] checking:  # of pathways does not match with # of geneset.name
INFO  [2021-07-03 14:08:04] **[ read_gmt ]  c2.cp.kegg.v7.4.symbols.gmt loaded successfully.****[ gmt_path ]  c2.cp.kegg.v7.4.symbols.gmt loaded successfully.****[ DNF_logger ]  c2.cp.kegg.v7.4.symbols.gmt loaded successfully.**
INFO  [2021-07-03 14:08:04] c2.cp.kegg.v7.4.symbols.gmt has ( 186 ) pathways.
INFO  [2021-07-03 14:08:04] {{ 6 }} common genes between pertData and pathway {{ KEGG_RNA_POLYMERASE }}: {{ ACAT2 }}{{ 6 }} common genes between pertData and pathway {{ KEGG_RNA_POLYMERASE }}: {{ ACLY }}{{ 6 }} common genes between pertData and pathway {{ KEGG_RNA_POLYMERASE }}: {{ FDFT1 }}{{ 6 }} common genes between pertData and pathway {{ KEGG_RNA_POLYMERASE }}: {{ HMGCR }}{{ 6 }} common genes between pertData and pathway {{ KEGG_RNA_POLYMERASE }}: {{ HMGCS1 }}{{ 6 }} common genes between pertData and pathway {{ KEGG_RNA_POLYMERASE }}: {{ INSIG1 }}
INFO  [2021-07-03 14:08:04] ** drug_sanity_check start**** pertData start**** sensData start**** strcData start**
DEBUG [2021-07-03 14:08:04] [ drug_sanity_check ] checking:  ncol(sensData) != ncol(pertData)[ pertData ] checking:  ncol(sensData) != ncol(pertData)[ sensData ] checking:  ncol(sensData) != ncol(pertData)[ strcData ] checking:  ncol(sensData) != ncol(pertData)
DEBUG [2021-07-03 14:08:04] [ drug_sanity_check ] checking:  all(colnames(pertData) != colnames(sensData))[ pertData ] checking:  all(colnames(pertData) != colnames(sensData))[ sensData ] checking:  all(colnames(pertData) != colnames(sensData))[ strcData ] checking:  all(colnames(pertData) != colnames(sensData))
DEBUG [2021-07-03 14:08:04] [ drug_sanity_check ] checking:  all(colnames(pertData) != names(strcData))[ pertData ] checking:  all(colnames(pertData) != names(strcData))[ sensData ] checking:  all(colnames(pertData) != names(strcData))[ strcData ] checking:  all(colnames(pertData) != names(strcData))
DEBUG [2021-07-03 14:08:04] [ drug_sanity_check ] checking:  ncol(sensData) != length(strcData)[ pertData ] checking:  ncol(sensData) != length(strcData)[ sensData ] checking:  ncol(sensData) != length(strcData)[ strcData ] checking:  ncol(sensData) != length(strcData)
INFO  [2021-07-03 14:08:04] ** drug_sanity_check PASSED.**** pertData PASSED.**** sensData PASSED.**** strcData PASSED.**
INFO  [2021-07-03 14:08:53] **[ read_gmt ] loading  Data/GMT/c2.cp.kegg.v7.4.symbols.gmt ****[ gmt_path ] loading  Data/GMT/c2.cp.kegg.v7.4.symbols.gmt ****[ DNF_logger ] loading  Data/GMT/c2.cp.kegg.v7.4.symbols.gmt **
DEBUG [2021-07-03 14:08:53] [ read_gmt ] checking:  # of pathways does not match with # of geneset.name[ gmt_path ] checking:  # of pathways does not match with # of geneset.name[ DNF_logger ] checking:  # of pathways does not match with # of geneset.name
INFO  [2021-07-03 14:08:53] **[ read_gmt ]  c2.cp.kegg.v7.4.symbols.gmt loaded successfully.****[ gmt_path ]  c2.cp.kegg.v7.4.symbols.gmt loaded successfully.****[ DNF_logger ]  c2.cp.kegg.v7.4.symbols.gmt loaded successfully.**
INFO  [2021-07-03 14:08:53] c2.cp.kegg.v7.4.symbols.gmt has ( 186 ) pathways.
INFO  [2021-07-03 14:08:53] {{ 6 }} common genes between pertData and pathway {{ KEGG_RNA_POLYMERASE }}: {{ ACAT2 }}{{ 6 }} common genes between pertData and pathway {{ KEGG_RNA_POLYMERASE }}: {{ ACLY }}{{ 6 }} common genes between pertData and pathway {{ KEGG_RNA_POLYMERASE }}: {{ FDFT1 }}{{ 6 }} common genes between pertData and pathway {{ KEGG_RNA_POLYMERASE }}: {{ HMGCR }}{{ 6 }} common genes between pertData and pathway {{ KEGG_RNA_POLYMERASE }}: {{ HMGCS1 }}{{ 6 }} common genes between pertData and pathway {{ KEGG_RNA_POLYMERASE }}: {{ INSIG1 }}
INFO  [2021-07-03 14:08:53] ** drug_sanity_check start**** pertData start**** sensData start**** strcData start**
DEBUG [2021-07-03 14:08:53] [ drug_sanity_check ] checking:  ncol(sensData) != ncol(pertData)[ pertData ] checking:  ncol(sensData) != ncol(pertData)[ sensData ] checking:  ncol(sensData) != ncol(pertData)[ strcData ] checking:  ncol(sensData) != ncol(pertData)
DEBUG [2021-07-03 14:08:53] [ drug_sanity_check ] checking:  all(colnames(pertData) != colnames(sensData))[ pertData ] checking:  all(colnames(pertData) != colnames(sensData))[ sensData ] checking:  all(colnames(pertData) != colnames(sensData))[ strcData ] checking:  all(colnames(pertData) != colnames(sensData))
DEBUG [2021-07-03 14:08:53] [ drug_sanity_check ] checking:  all(colnames(pertData) != names(strcData))[ pertData ] checking:  all(colnames(pertData) != names(strcData))[ sensData ] checking:  all(colnames(pertData) != names(strcData))[ strcData ] checking:  all(colnames(pertData) != names(strcData))
DEBUG [2021-07-03 14:08:53] [ drug_sanity_check ] checking:  ncol(sensData) != length(strcData)[ pertData ] checking:  ncol(sensData) != length(strcData)[ sensData ] checking:  ncol(sensData) != length(strcData)[ strcData ] checking:  ncol(sensData) != length(strcData)
INFO  [2021-07-03 14:08:53] ** drug_sanity_check PASSED.**** pertData PASSED.**** sensData PASSED.**** strcData PASSED.**
INFO  [2021-07-03 14:09:03] **[ read_gmt ] loading  Data/GMT/c2.cp.kegg.v7.4.symbols.gmt ****[ gmt_path ] loading  Data/GMT/c2.cp.kegg.v7.4.symbols.gmt ****[ DNF_logger ] loading  Data/GMT/c2.cp.kegg.v7.4.symbols.gmt **
DEBUG [2021-07-03 14:09:03] [ read_gmt ] checking:  # of pathways does not match with # of geneset.name[ gmt_path ] checking:  # of pathways does not match with # of geneset.name[ DNF_logger ] checking:  # of pathways does not match with # of geneset.name
INFO  [2021-07-03 14:09:03] **[ read_gmt ]  c2.cp.kegg.v7.4.symbols.gmt loaded successfully.****[ gmt_path ]  c2.cp.kegg.v7.4.symbols.gmt loaded successfully.****[ DNF_logger ]  c2.cp.kegg.v7.4.symbols.gmt loaded successfully.**
INFO  [2021-07-03 14:09:03] c2.cp.kegg.v7.4.symbols.gmt has ( 186 ) pathways.
INFO  [2021-07-03 14:09:03] {{ 6 }} common genes between pertData and pathway {{ KEGG_RNA_POLYMERASE }}: {{ ACAT2 }}{{ 6 }} common genes between pertData and pathway {{ KEGG_RNA_POLYMERASE }}: {{ ACLY }}{{ 6 }} common genes between pertData and pathway {{ KEGG_RNA_POLYMERASE }}: {{ FDFT1 }}{{ 6 }} common genes between pertData and pathway {{ KEGG_RNA_POLYMERASE }}: {{ HMGCR }}{{ 6 }} common genes between pertData and pathway {{ KEGG_RNA_POLYMERASE }}: {{ HMGCS1 }}{{ 6 }} common genes between pertData and pathway {{ KEGG_RNA_POLYMERASE }}: {{ INSIG1 }}
INFO  [2021-07-03 14:09:03] ** drug_sanity_check start**** pertData start**** sensData start**** strcData start**
DEBUG [2021-07-03 14:09:03] [ drug_sanity_check ] checking:  ncol(sensData) != ncol(pertData)[ pertData ] checking:  ncol(sensData) != ncol(pertData)[ sensData ] checking:  ncol(sensData) != ncol(pertData)[ strcData ] checking:  ncol(sensData) != ncol(pertData)
DEBUG [2021-07-03 14:09:03] [ drug_sanity_check ] checking:  all(colnames(pertData) != colnames(sensData))[ pertData ] checking:  all(colnames(pertData) != colnames(sensData))[ sensData ] checking:  all(colnames(pertData) != colnames(sensData))[ strcData ] checking:  all(colnames(pertData) != colnames(sensData))
DEBUG [2021-07-03 14:09:03] [ drug_sanity_check ] checking:  all(colnames(pertData) != names(strcData))[ pertData ] checking:  all(colnames(pertData) != names(strcData))[ sensData ] checking:  all(colnames(pertData) != names(strcData))[ strcData ] checking:  all(colnames(pertData) != names(strcData))
DEBUG [2021-07-03 14:09:03] [ drug_sanity_check ] checking:  ncol(sensData) != length(strcData)[ pertData ] checking:  ncol(sensData) != length(strcData)[ sensData ] checking:  ncol(sensData) != length(strcData)[ strcData ] checking:  ncol(sensData) != length(strcData)
INFO  [2021-07-03 14:09:03] ** drug_sanity_check PASSED.**** pertData PASSED.**** sensData PASSED.**** strcData PASSED.**
INFO  [2021-07-03 14:10:36] **[ read_gmt ] loading  Data/GMT/c2.cp.kegg.v7.4.symbols.gmt **
DEBUG [2021-07-03 14:10:36] [ read_gmt ] checking:  # of pathways does not match with # of geneset.name
INFO  [2021-07-03 14:10:36] **[ read_gmt ]  c2.cp.kegg.v7.4.symbols.gmt loaded successfully.**
INFO  [2021-07-03 14:10:36] c2.cp.kegg.v7.4.symbols.gmt has ( 186 ) pathways.
INFO  [2021-07-03 14:10:36] {{ 6 }} common genes between pertData and pathway {{ KEGG_RNA_POLYMERASE }}: {{ ACAT2 }}{{ 6 }} common genes between pertData and pathway {{ KEGG_RNA_POLYMERASE }}: {{ ACLY }}{{ 6 }} common genes between pertData and pathway {{ KEGG_RNA_POLYMERASE }}: {{ FDFT1 }}{{ 6 }} common genes between pertData and pathway {{ KEGG_RNA_POLYMERASE }}: {{ HMGCR }}{{ 6 }} common genes between pertData and pathway {{ KEGG_RNA_POLYMERASE }}: {{ HMGCS1 }}{{ 6 }} common genes between pertData and pathway {{ KEGG_RNA_POLYMERASE }}: {{ INSIG1 }}
INFO  [2021-07-03 14:10:36] ** drug_sanity_check start**
DEBUG [2021-07-03 14:10:36] [ drug_sanity_check ] checking:  ncol(sensData) != ncol(pertData)
DEBUG [2021-07-03 14:10:36] [ drug_sanity_check ] checking:  all(colnames(pertData) != colnames(sensData))
DEBUG [2021-07-03 14:10:36] [ drug_sanity_check ] checking:  all(colnames(pertData) != names(strcData))
DEBUG [2021-07-03 14:10:36] [ drug_sanity_check ] checking:  ncol(sensData) != length(strcData)
INFO  [2021-07-03 14:10:36] ** drug_sanity_check PASSED.**
INFO  [2021-07-03 14:11:33] **[ read_gmt ] loading  Data/GMT/c2.cp.kegg.v7.4.symbols.gmt **
DEBUG [2021-07-03 14:11:33] [ read_gmt ] checking:  # of pathways does not match with # of geneset.name
INFO  [2021-07-03 14:11:33] **[ read_gmt ]  c2.cp.kegg.v7.4.symbols.gmt loaded successfully.**
INFO  [2021-07-03 14:11:33] c2.cp.kegg.v7.4.symbols.gmt has ( 186 ) pathways.
INFO  [2021-07-03 14:11:33] {{ 6 }} common genes between pertData and pathway {{ KEGG_RNA_POLYMERASE }}: {{ ACAT2 }}{{ 6 }} common genes between pertData and pathway {{ KEGG_RNA_POLYMERASE }}: {{ ACLY }}{{ 6 }} common genes between pertData and pathway {{ KEGG_RNA_POLYMERASE }}: {{ FDFT1 }}{{ 6 }} common genes between pertData and pathway {{ KEGG_RNA_POLYMERASE }}: {{ HMGCR }}{{ 6 }} common genes between pertData and pathway {{ KEGG_RNA_POLYMERASE }}: {{ HMGCS1 }}{{ 6 }} common genes between pertData and pathway {{ KEGG_RNA_POLYMERASE }}: {{ INSIG1 }}
INFO  [2021-07-03 14:12:37] **[ read_gmt ] loading  Data/GMT/c2.cp.kegg.v7.4.symbols.gmt **
DEBUG [2021-07-03 14:12:37] [ read_gmt ] checking:  # of pathways does not match with # of geneset.name
INFO  [2021-07-03 14:12:37] **[ read_gmt ]  c2.cp.kegg.v7.4.symbols.gmt loaded successfully.**
INFO  [2021-07-03 14:12:37] c2.cp.kegg.v7.4.symbols.gmt has ( 186 ) pathways.
INFO  [2021-07-03 14:12:37] {{ 6 }} common genes between pertData and pathway {{ KEGG_RNA_POLYMERASE }}: {{ ACAT2 }}{{ 6 }} common genes between pertData and pathway {{ KEGG_RNA_POLYMERASE }}: {{ ACLY }}{{ 6 }} common genes between pertData and pathway {{ KEGG_RNA_POLYMERASE }}: {{ FDFT1 }}{{ 6 }} common genes between pertData and pathway {{ KEGG_RNA_POLYMERASE }}: {{ HMGCR }}{{ 6 }} common genes between pertData and pathway {{ KEGG_RNA_POLYMERASE }}: {{ HMGCS1 }}{{ 6 }} common genes between pertData and pathway {{ KEGG_RNA_POLYMERASE }}: {{ INSIG1 }}
INFO  [2021-07-03 14:12:37] ** drug_sanity_check start**
DEBUG [2021-07-03 14:12:37] [ drug_sanity_check ] checking:  ncol(sensData) != ncol(pertData)
DEBUG [2021-07-03 14:12:37] [ drug_sanity_check ] checking:  all(colnames(pertData) != colnames(sensData))
DEBUG [2021-07-03 14:12:37] [ drug_sanity_check ] checking:  all(colnames(pertData) != names(strcData))
DEBUG [2021-07-03 14:12:37] [ drug_sanity_check ] checking:  ncol(sensData) != length(strcData)
INFO  [2021-07-03 14:12:37] ** drug_sanity_check PASSED.**
INFO  [2021-07-03 14:13:24] **[ read_gmt ] loading  Data/GMT/c2.cp.kegg.v7.4.symbols.gmt **
DEBUG [2021-07-03 14:13:24] [ read_gmt ] checking:  # of pathways does not match with # of geneset.name
INFO  [2021-07-03 14:13:24] **[ read_gmt ]  c2.cp.kegg.v7.4.symbols.gmt loaded successfully.**
INFO  [2021-07-03 14:13:24] c2.cp.kegg.v7.4.symbols.gmt has ( 186 ) pathways.
INFO  [2021-07-03 14:13:24] {{ 6 }} common genes between pertData and pathway {{ KEGG_RNA_POLYMERASE }}: {{ ACAT2 }}{{ 6 }} common genes between pertData and pathway {{ KEGG_RNA_POLYMERASE }}: {{ ACLY }}{{ 6 }} common genes between pertData and pathway {{ KEGG_RNA_POLYMERASE }}: {{ FDFT1 }}{{ 6 }} common genes between pertData and pathway {{ KEGG_RNA_POLYMERASE }}: {{ HMGCR }}{{ 6 }} common genes between pertData and pathway {{ KEGG_RNA_POLYMERASE }}: {{ HMGCS1 }}{{ 6 }} common genes between pertData and pathway {{ KEGG_RNA_POLYMERASE }}: {{ INSIG1 }}
INFO  [2021-07-03 14:13:35] **[ read_gmt ] loading  Data/GMT/c2.cp.kegg.v7.4.symbols.gmt **
DEBUG [2021-07-03 14:13:35] [ read_gmt ] checking:  # of pathways does not match with # of geneset.name
INFO  [2021-07-03 14:13:35] **[ read_gmt ]  c2.cp.kegg.v7.4.symbols.gmt loaded successfully.**
INFO  [2021-07-03 14:13:35] c2.cp.kegg.v7.4.symbols.gmt has ( 186 ) pathways.
INFO  [2021-07-03 14:13:35] {{ 6 }} common genes between pertData and pathway {{ KEGG_RNA_POLYMERASE }}: {{ ACAT2 }}{{ 6 }} common genes between pertData and pathway {{ KEGG_RNA_POLYMERASE }}: {{ ACLY }}{{ 6 }} common genes between pertData and pathway {{ KEGG_RNA_POLYMERASE }}: {{ FDFT1 }}{{ 6 }} common genes between pertData and pathway {{ KEGG_RNA_POLYMERASE }}: {{ HMGCR }}{{ 6 }} common genes between pertData and pathway {{ KEGG_RNA_POLYMERASE }}: {{ HMGCS1 }}{{ 6 }} common genes between pertData and pathway {{ KEGG_RNA_POLYMERASE }}: {{ INSIG1 }}
INFO  [2021-07-03 14:13:35] ** drug_sanity_check start**
DEBUG [2021-07-03 14:13:35] [ check_error ] checking:  ncol(sensData) != ncol(pertData)
DEBUG [2021-07-03 14:13:35] [ check_error ] checking:  all(colnames(pertData) != colnames(sensData))
DEBUG [2021-07-03 14:13:35] [ check_error ] checking:  all(colnames(pertData) != names(strcData))
DEBUG [2021-07-03 14:13:35] [ check_error ] checking:  ncol(sensData) != length(strcData)
INFO  [2021-07-03 14:13:35] ** drug_sanity_check PASSED.**
INFO  [2021-07-03 14:14:21] **[ read_gmt ] loading  Data/GMT/c2.cp.kegg.v7.4.symbols.gmt **
DEBUG [2021-07-03 14:14:21] [ read_gmt ] checking:  # of pathways does not match with # of geneset.name
INFO  [2021-07-03 14:14:21] **[ read_gmt ]  c2.cp.kegg.v7.4.symbols.gmt loaded successfully.**
INFO  [2021-07-03 14:14:21] c2.cp.kegg.v7.4.symbols.gmt has ( 186 ) pathways.
INFO  [2021-07-03 14:14:21] {{ 6 }} common genes between pertData and pathway {{ KEGG_RNA_POLYMERASE }}: {{ ACAT2 }}{{ 6 }} common genes between pertData and pathway {{ KEGG_RNA_POLYMERASE }}: {{ ACLY }}{{ 6 }} common genes between pertData and pathway {{ KEGG_RNA_POLYMERASE }}: {{ FDFT1 }}{{ 6 }} common genes between pertData and pathway {{ KEGG_RNA_POLYMERASE }}: {{ HMGCR }}{{ 6 }} common genes between pertData and pathway {{ KEGG_RNA_POLYMERASE }}: {{ HMGCS1 }}{{ 6 }} common genes between pertData and pathway {{ KEGG_RNA_POLYMERASE }}: {{ INSIG1 }}
INFO  [2021-07-03 14:14:21] ** drug_sanity_check start**
DEBUG [2021-07-03 14:14:21] [ drug_sanity_check ] checking:  ncol(sensData) != ncol(pertData)
DEBUG [2021-07-03 14:14:21] [ drug_sanity_check ] checking:  all(colnames(pertData) != colnames(sensData))
DEBUG [2021-07-03 14:14:21] [ drug_sanity_check ] checking:  all(colnames(pertData) != names(strcData))
DEBUG [2021-07-03 14:14:21] [ drug_sanity_check ] checking:  ncol(sensData) != length(strcData)
INFO  [2021-07-03 14:14:21] ** drug_sanity_check PASSED.**
INFO  [2021-07-03 14:14:44] **[ read_gmt ] loading  Data/GMT/c2.cp.kegg.v7.4.symbols.gmt **
DEBUG [2021-07-03 14:14:45] [ read_gmt ] checking:  # of pathways does not match with # of geneset.name
INFO  [2021-07-03 14:14:45] **[ read_gmt ]  c2.cp.kegg.v7.4.symbols.gmt loaded successfully.**
INFO  [2021-07-03 14:14:45] c2.cp.kegg.v7.4.symbols.gmt has ( 186 ) pathways.
INFO  [2021-07-03 14:14:45] {{ 6 }} common genes between pertData and pathway {{ KEGG_RNA_POLYMERASE }}: {{ ACAT2 }}{{ 6 }} common genes between pertData and pathway {{ KEGG_RNA_POLYMERASE }}: {{ ACLY }}{{ 6 }} common genes between pertData and pathway {{ KEGG_RNA_POLYMERASE }}: {{ FDFT1 }}{{ 6 }} common genes between pertData and pathway {{ KEGG_RNA_POLYMERASE }}: {{ HMGCR }}{{ 6 }} common genes between pertData and pathway {{ KEGG_RNA_POLYMERASE }}: {{ HMGCS1 }}{{ 6 }} common genes between pertData and pathway {{ KEGG_RNA_POLYMERASE }}: {{ INSIG1 }}
INFO  [2021-07-03 14:14:45] **[ drug_sanity_check ] start**
DEBUG [2021-07-03 14:14:45] [ drug_sanity_check ] checking:  ncol(sensData) != ncol(pertData)
DEBUG [2021-07-03 14:14:45] [ drug_sanity_check ] checking:  all(colnames(pertData) != colnames(sensData))
DEBUG [2021-07-03 14:14:45] [ drug_sanity_check ] checking:  all(colnames(pertData) != names(strcData))
DEBUG [2021-07-03 14:14:45] [ drug_sanity_check ] checking:  ncol(sensData) != length(strcData)
INFO  [2021-07-03 14:14:45] **[ drug_sanity_check ] PASSED.**
INFO  [2021-07-03 14:16:07] **[ read_gmt ] loading  Data/GMT/c2.cp.kegg.v7.4.symbols.gmt **
DEBUG [2021-07-03 14:16:07] [ read_gmt ] checking:  # of pathways does not match with # of geneset.name
INFO  [2021-07-03 14:16:07] **[ read_gmt ]  c2.cp.kegg.v7.4.symbols.gmt loaded successfully.**
INFO  [2021-07-03 14:16:07] c2.cp.kegg.v7.4.symbols.gmt has ( 186 ) pathways.
INFO  [2021-07-03 14:16:07] {{ 6 }} common genes between pertData and pathway {{ KEGG_RNA_POLYMERASE }}: {{ ACAT2 }}{{ 6 }} common genes between pertData and pathway {{ KEGG_RNA_POLYMERASE }}: {{ ACLY }}{{ 6 }} common genes between pertData and pathway {{ KEGG_RNA_POLYMERASE }}: {{ FDFT1 }}{{ 6 }} common genes between pertData and pathway {{ KEGG_RNA_POLYMERASE }}: {{ HMGCR }}{{ 6 }} common genes between pertData and pathway {{ KEGG_RNA_POLYMERASE }}: {{ HMGCS1 }}{{ 6 }} common genes between pertData and pathway {{ KEGG_RNA_POLYMERASE }}: {{ INSIG1 }}
INFO  [2021-07-03 14:16:07] **[ drug_sanity_check ] start**
DEBUG [2021-07-03 14:16:07] [ drug_sanity_check ] checking:  ncol(sensData) != ncol(pertData)
DEBUG [2021-07-03 14:16:07] [ drug_sanity_check ] checking:  all(colnames(pertData) != colnames(sensData))
DEBUG [2021-07-03 14:16:07] [ drug_sanity_check ] checking:  all(colnames(pertData) != names(strcData))
DEBUG [2021-07-03 14:16:07] [ drug_sanity_check ] checking:  ncol(sensData) != length(strcData)
INFO  [2021-07-03 14:16:07] **[ drug_sanity_check ] PASSED.**
INFO  [2021-07-03 14:25:06] ** == read_gmt  loading  Data/GMT/c2.cp.kegg.v7.4.symbols.gmt **
DEBUG [2021-07-03 14:25:06] == read_gmt == checking:  # of pathways does not match with # of geneset.name
INFO  [2021-07-03 14:25:06] **[ read_gmt ]  c2.cp.kegg.v7.4.symbols.gmt loaded successfully.**
INFO  [2021-07-03 14:25:06] c2.cp.kegg.v7.4.symbols.gmt has ( 186 ) pathways.
INFO  [2021-07-03 14:25:06] {{ 6 }} common genes between pertData and pathway {{ KEGG_RNA_POLYMERASE }}: {{ ACAT2 }}{{ 6 }} common genes between pertData and pathway {{ KEGG_RNA_POLYMERASE }}: {{ ACLY }}{{ 6 }} common genes between pertData and pathway {{ KEGG_RNA_POLYMERASE }}: {{ FDFT1 }}{{ 6 }} common genes between pertData and pathway {{ KEGG_RNA_POLYMERASE }}: {{ HMGCR }}{{ 6 }} common genes between pertData and pathway {{ KEGG_RNA_POLYMERASE }}: {{ HMGCS1 }}{{ 6 }} common genes between pertData and pathway {{ KEGG_RNA_POLYMERASE }}: {{ INSIG1 }}
INFO  [2021-07-03 14:25:06] ** == drug_sanity_check == start**
DEBUG [2021-07-03 14:25:06] == drug_sanity_check == checking:  ncol(sensData) != ncol(pertData)
DEBUG [2021-07-03 14:25:06] == drug_sanity_check == checking:  all(colnames(pertData) != colnames(sensData))
DEBUG [2021-07-03 14:25:06] == drug_sanity_check == checking:  all(colnames(pertData) != names(strcData))
DEBUG [2021-07-03 14:25:06] == drug_sanity_check == checking:  ncol(sensData) != length(strcData)
INFO  [2021-07-03 14:25:06] ** == drug_sanity_check == PASSED.**
INFO  [2021-07-03 14:34:30] ** [ read_gmt  ] loading  Data/GMT/c2.cp.kegg.v7.4.symbols.gmt  **
DEBUG [2021-07-03 14:34:30] [ read_gmt ] checking:  number of pathways does not match with number of geneset.name
INFO  [2021-07-03 14:34:30] ** [ read_gmt ]  c2.cp.kegg.v7.4.symbols.gmt loaded successfully. **
 	 c2.cp.kegg.v7.4.symbols.gmt number of pathways: 186
INFO  [2021-07-03 14:34:30] {{ 6 }} common genes between pertData and pathway {{ KEGG_RNA_POLYMERASE }}: {{ ACAT2 }}{{ 6 }} common genes between pertData and pathway {{ KEGG_RNA_POLYMERASE }}: {{ ACLY }}{{ 6 }} common genes between pertData and pathway {{ KEGG_RNA_POLYMERASE }}: {{ FDFT1 }}{{ 6 }} common genes between pertData and pathway {{ KEGG_RNA_POLYMERASE }}: {{ HMGCR }}{{ 6 }} common genes between pertData and pathway {{ KEGG_RNA_POLYMERASE }}: {{ HMGCS1 }}{{ 6 }} common genes between pertData and pathway {{ KEGG_RNA_POLYMERASE }}: {{ INSIG1 }}
DEBUG [2021-07-03 14:34:30] ** [ drug_sanity_check ] started. **
DEBUG [2021-07-03 14:34:30] [ drug_sanity_check ] checking:  ncol(sensData) != ncol(pertData)
DEBUG [2021-07-03 14:34:30] [ drug_sanity_check ] checking:  all(colnames(pertData) != colnames(sensData))
DEBUG [2021-07-03 14:34:30] [ drug_sanity_check ] checking:  all(colnames(pertData) != names(strcData))
DEBUG [2021-07-03 14:34:30] [ drug_sanity_check ] checking:  ncol(sensData) != length(strcData)
INFO  [2021-07-03 14:34:30] ** [ drug_sanity_check ] passed. **
INFO  [2021-07-03 14:39:39] ** [ read_gmt  ] loading  Data/GMT/c2.cp.kegg.v7.4.symbols.gmt  **
DEBUG [2021-07-03 14:39:39] [ read_gmt ] checking:  number of pathways does not match with number of geneset.name
INFO  [2021-07-03 14:39:39] ** [ read_gmt ] { c2.cp.kegg.v7.4.symbols.gmt } loaded successfully. **
 	{ c2.cp.kegg.v7.4.symbols.gmt } number of pathways: 186
INFO  [2021-07-03 14:39:39] {{ 6 }} common genes between pertData and pathway {{ KEGG_RNA_POLYMERASE }}: {{ ACAT2 }}{{ 6 }} common genes between pertData and pathway {{ KEGG_RNA_POLYMERASE }}: {{ ACLY }}{{ 6 }} common genes between pertData and pathway {{ KEGG_RNA_POLYMERASE }}: {{ FDFT1 }}{{ 6 }} common genes between pertData and pathway {{ KEGG_RNA_POLYMERASE }}: {{ HMGCR }}{{ 6 }} common genes between pertData and pathway {{ KEGG_RNA_POLYMERASE }}: {{ HMGCS1 }}{{ 6 }} common genes between pertData and pathway {{ KEGG_RNA_POLYMERASE }}: {{ INSIG1 }}
DEBUG [2021-07-03 14:39:39] ** [ drug_sanity_check ] started. **
DEBUG [2021-07-03 14:39:39] [ drug_sanity_check ] checking:  ncol(sensData) != ncol(pertData)
DEBUG [2021-07-03 14:39:39] [ drug_sanity_check ] checking:  all(colnames(pertData) != colnames(sensData))
DEBUG [2021-07-03 14:39:39] [ drug_sanity_check ] checking:  all(colnames(pertData) != names(strcData))
DEBUG [2021-07-03 14:39:39] [ drug_sanity_check ] checking:  ncol(sensData) != length(strcData)
INFO  [2021-07-03 14:39:39] ** [ drug_sanity_check ] passed. **
INFO  [2021-07-03 14:39:53] ** [ read_gmt  ] loading  Data/GMT/c2.cp.kegg.v7.4.symbols.gmt  **
DEBUG [2021-07-03 14:39:53] [ read_gmt ] checking:  number of pathways does not match with number of geneset.name
INFO  [2021-07-03 14:39:53] ** [ read_gmt ] { c2.cp.kegg.v7.4.symbols.gmt } loaded successfully. **
 	{ c2.cp.kegg.v7.4.symbols.gmt } number of pathways: 186
INFO  [2021-07-03 14:39:53] ** Matching gene betweem `pertData` and  { KEGG_RNA_POLYMERASE } **
 	{ 6 } genes matched.
 	Matched genes:  ACAT2 }}** Matching gene betweem `pertData` and  { KEGG_RNA_POLYMERASE } **
 	{ 6 } genes matched.
 	Matched genes:  ACLY }}** Matching gene betweem `pertData` and  { KEGG_RNA_POLYMERASE } **
 	{ 6 } genes matched.
 	Matched genes:  FDFT1 }}** Matching gene betweem `pertData` and  { KEGG_RNA_POLYMERASE } **
 	{ 6 } genes matched.
 	Matched genes:  HMGCR }}** Matching gene betweem `pertData` and  { KEGG_RNA_POLYMERASE } **
 	{ 6 } genes matched.
 	Matched genes:  HMGCS1 }}** Matching gene betweem `pertData` and  { KEGG_RNA_POLYMERASE } **
 	{ 6 } genes matched.
 	Matched genes:  INSIG1 }}
DEBUG [2021-07-03 14:39:53] ** [ drug_sanity_check ] started. **
DEBUG [2021-07-03 14:39:53] [ drug_sanity_check ] checking:  ncol(sensData) != ncol(pertData)
DEBUG [2021-07-03 14:39:53] [ drug_sanity_check ] checking:  all(colnames(pertData) != colnames(sensData))
DEBUG [2021-07-03 14:39:53] [ drug_sanity_check ] checking:  all(colnames(pertData) != names(strcData))
DEBUG [2021-07-03 14:39:53] [ drug_sanity_check ] checking:  ncol(sensData) != length(strcData)
INFO  [2021-07-03 14:39:53] ** [ drug_sanity_check ] passed. **
INFO  [2021-07-03 14:41:27] ** [ read_gmt  ] loading  Data/GMT/c2.cp.kegg.v7.4.symbols.gmt  **
DEBUG [2021-07-03 14:41:27] [ read_gmt ] checking:  number of pathways does not match with number of geneset.name
INFO  [2021-07-03 14:41:27] ** [ read_gmt ] { c2.cp.kegg.v7.4.symbols.gmt } loaded successfully. **
 	{ c2.cp.kegg.v7.4.symbols.gmt } number of pathways: 186
INFO  [2021-07-03 14:41:27] ** Matching gene betweem `pertData` and  { KEGG_RNA_POLYMERASE } **
 	{ 3 } genes matched.
 	Matched genes:  POLR1C }}** Matching gene betweem `pertData` and  { KEGG_RNA_POLYMERASE } **
 	{ 3 } genes matched.
 	Matched genes:  POLR2I }}** Matching gene betweem `pertData` and  { KEGG_RNA_POLYMERASE } **
 	{ 3 } genes matched.
 	Matched genes:  POLR2K }}
DEBUG [2021-07-03 14:41:27] ** [ drug_sanity_check ] started. **
DEBUG [2021-07-03 14:41:27] [ drug_sanity_check ] checking:  ncol(sensData) != ncol(pertData)
DEBUG [2021-07-03 14:41:27] [ drug_sanity_check ] checking:  all(colnames(pertData) != colnames(sensData))
DEBUG [2021-07-03 14:41:27] [ drug_sanity_check ] checking:  all(colnames(pertData) != names(strcData))
DEBUG [2021-07-03 14:41:27] [ drug_sanity_check ] checking:  ncol(sensData) != length(strcData)
INFO  [2021-07-03 14:41:27] ** [ drug_sanity_check ] passed. **
INFO  [2021-07-03 14:42:52] ** [ read_gmt  ] loading  Data/GMT/c2.cp.kegg.v7.4.symbols.gmt  **
DEBUG [2021-07-03 14:42:52] [ read_gmt ] checking:  number of pathways does not match with number of geneset.name
INFO  [2021-07-03 14:42:52] ** [ read_gmt ] { c2.cp.kegg.v7.4.symbols.gmt } loaded successfully. **
 	{ c2.cp.kegg.v7.4.symbols.gmt } number of pathways: 186
INFO  [2021-07-03 14:42:52] ** Matching gene betweem `pertData` and  { KEGG_RNA_POLYMERASE } **
 	{ 3 } genes matched.
 	Matched genes:  POLR1C** Matching gene betweem `pertData` and  { KEGG_RNA_POLYMERASE } **
 	{ 3 } genes matched.
 	Matched genes:  POLR2I** Matching gene betweem `pertData` and  { KEGG_RNA_POLYMERASE } **
 	{ 3 } genes matched.
 	Matched genes:  POLR2K
DEBUG [2021-07-03 14:42:52] ** [ drug_sanity_check ] started. **
DEBUG [2021-07-03 14:42:52] [ drug_sanity_check ] checking:  ncol(sensData) != ncol(pertData)
DEBUG [2021-07-03 14:42:52] [ drug_sanity_check ] checking:  all(colnames(pertData) != colnames(sensData))
DEBUG [2021-07-03 14:42:52] [ drug_sanity_check ] checking:  all(colnames(pertData) != names(strcData))
DEBUG [2021-07-03 14:42:52] [ drug_sanity_check ] checking:  ncol(sensData) != length(strcData)
INFO  [2021-07-03 14:42:52] ** [ drug_sanity_check ] passed. **
INFO  [2021-07-03 14:45:35] ** [ read_gmt  ] loading  Data/GMT/c2.cp.kegg.v7.4.symbols.gmt  **
DEBUG [2021-07-03 14:45:35] [ read_gmt ] checking:  number of pathways does not match with number of geneset.name
INFO  [2021-07-03 14:45:35] ** [ read_gmt ] { c2.cp.kegg.v7.4.symbols.gmt } loaded successfully. **
 	{ c2.cp.kegg.v7.4.symbols.gmt } number of pathways: 186
INFO  [2021-07-03 14:45:35] ** Matching gene betweem `pertData` and  { KEGG_RNA_POLYMERASE } **
 	{ 3 } genes matched.
 	Matched genes:  POLR1C, POLR2I, POLR2K
DEBUG [2021-07-03 14:45:35] ** [ drug_sanity_check ] started. **
DEBUG [2021-07-03 14:45:35] [ drug_sanity_check ] checking:  ncol(sensData) != ncol(pertData)
DEBUG [2021-07-03 14:45:35] [ drug_sanity_check ] checking:  all(colnames(pertData) != colnames(sensData))
DEBUG [2021-07-03 14:45:35] [ drug_sanity_check ] checking:  all(colnames(pertData) != names(strcData))
DEBUG [2021-07-03 14:45:35] [ drug_sanity_check ] checking:  ncol(sensData) != length(strcData)
INFO  [2021-07-03 14:45:35] ** [ drug_sanity_check ] passed. **
INFO  [2021-07-03 14:46:27] ** [ read_gmt  ] loading  Data/GMT/c2.cp.kegg.v7.4.symbols.gmt  **
DEBUG [2021-07-03 14:46:27] [ read_gmt ] checking:  number of pathways does not match with number of geneset.name
INFO  [2021-07-03 14:46:27] ** [ read_gmt ] { c2.cp.kegg.v7.4.symbols.gmt } loaded successfully. **
 	{ c2.cp.kegg.v7.4.symbols.gmt } number of pathways: 186
INFO  [2021-07-03 14:46:27] ** Matching gene betweem `pertData` and  { KEGG_RNA_POLYMERASE } **
 	 - { 3 } genes matched.
 	 - Matched genes: { POLR1C, POLR2I, POLR2K }
DEBUG [2021-07-03 14:46:27] ** [ drug_sanity_check ] started. **
DEBUG [2021-07-03 14:46:27] [ drug_sanity_check ] checking:  ncol(sensData) != ncol(pertData)
DEBUG [2021-07-03 14:46:27] [ drug_sanity_check ] checking:  all(colnames(pertData) != colnames(sensData))
DEBUG [2021-07-03 14:46:27] [ drug_sanity_check ] checking:  all(colnames(pertData) != names(strcData))
DEBUG [2021-07-03 14:46:27] [ drug_sanity_check ] checking:  ncol(sensData) != length(strcData)
INFO  [2021-07-03 14:46:27] ** [ drug_sanity_check ] passed. **
INFO  [2021-07-03 14:51:48] ** [ read_gmt  ] loading  Data/GMT/c2.cp.kegg.v7.4.symbols.gmt  **
DEBUG [2021-07-03 14:51:48] [ read_gmt ] checking:  length(gmt$genesets) != length(gmt$geneset.names)
DEBUG [2021-07-03 14:51:48] ...passed
INFO  [2021-07-03 14:51:48] ** [ read_gmt ] { c2.cp.kegg.v7.4.symbols.gmt } loaded successfully. **
 	{ c2.cp.kegg.v7.4.symbols.gmt } number of pathways: 186
INFO  [2021-07-03 14:51:48] ** Matching gene betweem `pertData` and  { KEGG_RNA_POLYMERASE } **
 	 - { 3 } genes matched.
 	 - Matched genes: { POLR1C, POLR2I, POLR2K }
DEBUG [2021-07-03 14:51:48] ** [ drug_sanity_check ] started. **
DEBUG [2021-07-03 14:51:48] [ drug_sanity_check ] checking:  ncol(sensData) != ncol(pertData)
DEBUG [2021-07-03 14:51:48] ...passed
DEBUG [2021-07-03 14:51:48] [ drug_sanity_check ] checking:  all(colnames(pertData) != colnames(sensData))
DEBUG [2021-07-03 14:51:48] ...passed
DEBUG [2021-07-03 14:51:48] [ drug_sanity_check ] checking:  all(colnames(pertData) != names(strcData))
DEBUG [2021-07-03 14:51:48] ...passed
DEBUG [2021-07-03 14:51:48] [ drug_sanity_check ] checking:  ncol(sensData) != length(strcData)
DEBUG [2021-07-03 14:51:48] ...passed
INFO  [2021-07-03 14:51:48] ** [ drug_sanity_check ] passed. **
INFO  [2021-07-03 16:50:55] *** [ read_gmt  ] loading  Data/GMT/c2.cp.kegg.v7.4.symbols.gmt  ***
DEBUG [2021-07-03 16:50:55] [ read_gmt ] checking:  length(gmt$genesets) != length(gmt$geneset.names)
DEBUG [2021-07-03 16:50:55] ...passed
INFO  [2021-07-03 16:50:55] *** [ read_gmt ] { c2.cp.kegg.v7.4.symbols.gmt } loaded successfully. ***
 	- number of pathways: { 186 }
DEBUG [2021-07-03 17:19:12] *** [ read_gmt ] initialised. loading  Data/GMT/c2.cp.kegg.v7.4.symbols.gmt ***
DEBUG [2021-07-03 17:19:12] [ read_gmt ] checking:  length(gmt$genesets) != length(gmt$geneset.names)
DEBUG [2021-07-03 17:19:12] ...passed
INFO  [2021-07-03 17:19:12] *** [ read_gmt ] { c2.cp.kegg.v7.4.symbols.gmt } loaded successfully. ***
 	- number of pathways: { 186 }
DEBUG [2021-07-03 17:20:59] *** [ read_gmt ] initialised. loading  Data/GMT/c2.cp.kegg.v7.4.symbols.gmt ***
DEBUG [2021-07-03 17:20:59] [ read_gmt ] checking:  length(gmt$genesets) != length(gmt$geneset.names)
DEBUG [2021-07-03 17:20:59] ...passed
INFO  [2021-07-03 17:20:59] *** [ read_gmt ] { c2.cp.kegg.v7.4.symbols.gmt } loaded successfully. ***
 	- number of pathways: { 186 }
DEBUG [2021-07-03 17:20:59] *** [ num_common_gene_sanity_check ] initialised.  ***
DEBUG [2021-07-03 17:20:59] [ num_common_gene_sanity_check ] checking:  num_common_genes < 2
DEBUG [2021-07-03 17:21:27] *** [ read_gmt ] initialised. loading  Data/GMT/c2.cp.kegg.v7.4.symbols.gmt ***
DEBUG [2021-07-03 17:21:27] [ read_gmt ] checking:  length(gmt$genesets) != length(gmt$geneset.names)
DEBUG [2021-07-03 17:21:27] ...passed
INFO  [2021-07-03 17:21:27] *** [ read_gmt ] { c2.cp.kegg.v7.4.symbols.gmt } loaded successfully. ***
 	- number of pathways: { 186 }
DEBUG [2021-07-03 17:21:27] *** [ num_common_gene_sanity_check ] initialised.  ***
DEBUG [2021-07-03 17:21:27] [ num_common_gene_sanity_check ] checking:  num_common_genes < 2
DEBUG [2021-07-03 17:21:27] ...passed
INFO  [2021-07-03 17:21:27] ::: KEGG_RNA_POLYMERASE has enough common genes with `pertData` for consideration.:::
DEBUG [2021-07-03 17:21:27] *** [ num_common_gene_sanity_check ] completed.  ***
DEBUG [2021-07-03 17:27:25] *** [ read_gmt ] initialised. loading  Data/GMT/c2.cp.kegg.v7.4.symbols.gmt ***
DEBUG [2021-07-03 17:27:25] [ read_gmt ] checking:  length(gmt$genesets) != length(gmt$geneset.names)
DEBUG [2021-07-03 17:27:25] ...passed
INFO  [2021-07-03 17:27:25] *** [ read_gmt ] { c2.cp.kegg.v7.4.symbols.gmt } loaded successfully. ***
 	- number of pathways: { 186 }
DEBUG [2021-07-03 17:27:26] *** [ num_common_gene_sanity_check ] initialised.  ***
DEBUG [2021-07-03 17:27:26] [ num_common_gene_sanity_check ] checking:  num_common_genes < 2
DEBUG [2021-07-03 17:27:26] ...passed
INFO  [2021-07-03 17:27:26] { KEGG_RNA_POLYMERASE } has enough ( 3 ) common genes with `pertData` for consideration.
DEBUG [2021-07-03 17:27:26] *** [ num_common_gene_sanity_check ] completed.  ***
DEBUG [2021-07-03 17:27:39] *** [ read_gmt ] initialised. loading  Data/GMT/c2.cp.kegg.v7.4.symbols.gmt ***
DEBUG [2021-07-03 17:27:39] [ read_gmt ] checking:  length(gmt$genesets) != length(gmt$geneset.names)
DEBUG [2021-07-03 17:27:39] ...passed
INFO  [2021-07-03 17:27:39] *** [ read_gmt ] { c2.cp.kegg.v7.4.symbols.gmt } loaded successfully. ***
 	- number of pathways: { 186 }
DEBUG [2021-07-03 17:27:40] *** [ num_common_gene_sanity_check ] initialised.  ***
DEBUG [2021-07-03 17:27:40] [ num_common_gene_sanity_check ] checking:  num_common_genes < 5
WARN  [2021-07-03 17:27:40] ::: [ num_common_gene_sanity_check ] failed :::
. 	REASON:  num_common_genes < 5
WARN  [2021-07-03 17:27:40] ::: { KEGG_RNA_POLYMERASE } has NOT enough ( 3 ) common genes with `pertData` for consideration. :::
DEBUG [2021-07-03 17:27:40] *** [ num_common_gene_sanity_check ] completed.  ***
DEBUG [2021-07-03 17:46:07] *** [ read_gmt ] initialised. loading  Data/GMT/c2.cp.kegg.v7.4.symbols.gmt ***
DEBUG [2021-07-03 17:46:07] [ read_gmt ] checking:  length(gmt$genesets) != length(gmt$geneset.names)
DEBUG [2021-07-03 17:46:07] ...passed
INFO  [2021-07-03 17:46:07] *** [ read_gmt ] { c2.cp.kegg.v7.4.symbols.gmt } loaded successfully. ***
 	- number of pathways: { 186 }
DEBUG [2021-07-03 17:48:29] *** [ read_gmt ] initialised. loading  Data/GMT/c2.cp.kegg.v7.4.symbols.gmt ***
DEBUG [2021-07-03 17:48:29] [ read_gmt ] checking:  length(gmt$genesets) != length(gmt$geneset.names)
DEBUG [2021-07-03 17:48:29] ...passed
INFO  [2021-07-03 17:48:29] *** [ read_gmt ] { c2.cp.kegg.v7.4.symbols.gmt } loaded successfully. ***
 	- number of pathways: { 186 }
INFO  [2021-07-03 17:48:29] ** Matching gene betweem `pertData` and  { KEGG_RNA_POLYMERASE } **
 	 - { 3 } genes matched.
 	 - Matched genes: { POLR1C, POLR2I, POLR2K }
DEBUG [2021-07-03 17:48:29] *** [ num_common_genes_sanity_check ] initialised.  ***
DEBUG [2021-07-03 17:48:29] [ num_common_genes_sanity_check ] checking:  num_common_genes < 5
WARN  [2021-07-03 17:48:29] ::: [ num_common_genes_sanity_check ] failed. :::
 	- REASON:  num_common_genes < 5
WARN  [2021-07-03 17:48:29] ::: { KEGG_RNA_POLYMERASE } has NOT enough ( 3 ) common genes with `pertData` for consideration. :::
DEBUG [2021-07-03 17:48:29] *** [ num_common_genes_sanity_check ] completed.  ***
DEBUG [2021-07-03 17:48:50] *** [ read_gmt ] initialised. loading  Data/GMT/c2.cp.kegg.v7.4.symbols.gmt ***
DEBUG [2021-07-03 17:48:50] [ read_gmt ] checking:  length(gmt$genesets) != length(gmt$geneset.names)
DEBUG [2021-07-03 17:48:50] ...passed
INFO  [2021-07-03 17:48:50] *** [ read_gmt ] { c2.cp.kegg.v7.4.symbols.gmt } loaded successfully. ***
 	- number of pathways: { 186 }
INFO  [2021-07-03 17:48:50] ** Matching gene betweem `pertData` and  { KEGG_RNA_POLYMERASE } **
 	 - { 3 } genes matched.
 	 - Matched genes: { POLR1C, POLR2I, POLR2K }
DEBUG [2021-07-03 17:48:50] *** [ num_common_genes_sanity_check ] initialised.  ***
DEBUG [2021-07-03 17:48:50] [ num_common_genes_sanity_check ] checking:  num_common_genes < 5
WARN  [2021-07-03 17:48:50] ::: [ num_common_genes_sanity_check ] failed. :::
 	- REASON:  num_common_genes < 5
WARN  [2021-07-03 17:48:50] ::: { KEGG_RNA_POLYMERASE } has NOT enough ( 3 ) common genes with `pertData` for consideration. :::
DEBUG [2021-07-03 17:48:50] *** [ num_common_genes_sanity_check ] completed.  ***
DEBUG [2021-07-03 19:18:04] *** [ read_gmt ] initialised. loading  Data/GMT/c2.cp.kegg.v7.4.symbols.gmt ***
DEBUG [2021-07-03 19:18:04] [ read_gmt ] checking:  length(gmt$genesets) != length(gmt$geneset.names)
DEBUG [2021-07-03 19:18:04] ...passed
INFO  [2021-07-03 19:18:04] *** [ read_gmt ] { c2.cp.kegg.v7.4.symbols.gmt } loaded successfully. ***
 	- number of pathways: { 186 }
INFO  [2021-07-03 19:18:04] ** Matching gene betweem `pertData` and  { KEGG_RNA_POLYMERASE } **
 	 - { 3 } genes matched.
 	 - Matched genes: { POLR1C, POLR2I, POLR2K }
DEBUG [2021-07-03 19:18:04] *** [ num_common_genes_sanity_check ] initialised.  ***
DEBUG [2021-07-03 19:18:04] [ num_common_genes_sanity_check ] checking:  num_common_genes < 2
DEBUG [2021-07-03 19:18:04] ...passed
DEBUG [2021-07-03 19:19:09] *** [ read_gmt ] initialised. loading  Data/GMT/c2.cp.kegg.v7.4.symbols.gmt ***
DEBUG [2021-07-03 19:19:09] [ read_gmt ] checking:  length(gmt$genesets) != length(gmt$geneset.names)
DEBUG [2021-07-03 19:19:09] ...passed
INFO  [2021-07-03 19:19:09] *** [ read_gmt ] { c2.cp.kegg.v7.4.symbols.gmt } loaded successfully. ***
 	- number of pathways: { 186 }
INFO  [2021-07-03 19:19:09] ** Matching gene betweem `pertData` and  { KEGG_RNA_POLYMERASE } **
 	 - { 3 } genes matched.
 	 - Matched genes: { POLR1C, POLR2I, POLR2K }
DEBUG [2021-07-03 19:19:09] *** [ num_common_genes_sanity_check ] initialised.  ***
DEBUG [2021-07-03 19:19:09] [ num_common_genes_sanity_check ] checking:  num_common_genes < 2
DEBUG [2021-07-03 19:19:09] ...passed
INFO  [2021-07-03 19:19:09] { KEGG_RNA_POLYMERASE } has enough ( 3 ) common genes with `pertData` for consideration.
DEBUG [2021-07-03 19:19:09] *** [ num_common_genes_sanity_check ] completed.  ***
DEBUG [2021-07-03 19:19:09] *** [ drug_sanity_check ] initialised.  ***
DEBUG [2021-07-03 19:19:09] [ drug_sanity_check ] checking:  ncol(sensData) != ncol(pertData)
DEBUG [2021-07-03 19:19:09] ...passed
DEBUG [2021-07-03 19:19:09] [ drug_sanity_check ] checking:  all(colnames(pertData) != colnames(sensData))
DEBUG [2021-07-03 19:19:09] ...passed
DEBUG [2021-07-03 19:19:09] [ drug_sanity_check ] checking:  all(colnames(pertData) != names(strcData))
DEBUG [2021-07-03 19:19:09] ...passed
DEBUG [2021-07-03 19:19:09] [ drug_sanity_check ] checking:  ncol(sensData) != length(strcData)
DEBUG [2021-07-03 19:19:09] ...passed
DEBUG [2021-07-03 19:19:09] *** [ drug_sanity_check ] completed.  ***
DEBUG [2021-07-03 19:20:22] *** [ read_gmt ] initialised. loading  Data/GMT/c2.cp.kegg.v7.4.symbols.gmt ***
DEBUG [2021-07-03 19:20:22] [ read_gmt ] checking:  length(gmt$genesets) != length(gmt$geneset.names)
DEBUG [2021-07-03 19:20:22] ...passed
INFO  [2021-07-03 19:20:22] *** [ read_gmt ] { c2.cp.kegg.v7.4.symbols.gmt } loaded successfully. ***
 	- number of pathways: { 186 }
INFO  [2021-07-03 19:20:22] ** Matching gene betweem `pertData` and  { KEGG_RNA_POLYMERASE } **
 	 - { 3 } genes matched.
 	 - Matched genes: { POLR1C, POLR2I, POLR2K }
DEBUG [2021-07-03 19:20:22] *** [ num_common_genes_sanity_check ] initialised.  ***
DEBUG [2021-07-03 19:20:22] [ num_common_genes_sanity_check ] checking:  num_common_genes < 2
DEBUG [2021-07-03 19:20:22] ...passed
INFO  [2021-07-03 19:20:22] { KEGG_RNA_POLYMERASE } has enough ( 3 ) common genes with `pertData` for consideration.
DEBUG [2021-07-03 19:20:22] *** [ num_common_genes_sanity_check ] completed.  ***
DEBUG [2021-07-03 19:20:30] *** [ read_gmt ] initialised. loading  Data/GMT/c2.cp.kegg.v7.4.symbols.gmt ***
DEBUG [2021-07-03 19:20:30] [ read_gmt ] checking:  length(gmt$genesets) != length(gmt$geneset.names)
DEBUG [2021-07-03 19:20:30] ...passed
INFO  [2021-07-03 19:20:30] *** [ read_gmt ] { c2.cp.kegg.v7.4.symbols.gmt } loaded successfully. ***
 	- number of pathways: { 186 }
INFO  [2021-07-03 19:20:30] ** Matching gene betweem `pertData` and  { KEGG_RNA_POLYMERASE } **
 	 - { 3 } genes matched.
 	 - Matched genes: { POLR1C, POLR2I, POLR2K }
DEBUG [2021-07-03 19:20:30] *** [ num_common_genes_sanity_check ] initialised.  ***
DEBUG [2021-07-03 19:20:30] [ num_common_genes_sanity_check ] checking:  num_common_genes < 2
DEBUG [2021-07-03 19:20:30] ...passed
INFO  [2021-07-03 19:20:30] { KEGG_RNA_POLYMERASE } has enough ( 3 ) common genes with `pertData` for consideration.
DEBUG [2021-07-03 19:20:30] *** [ num_common_genes_sanity_check ] completed.  ***
DEBUG [2021-07-03 19:20:40] *** [ read_gmt ] initialised. loading  Data/GMT/c2.cp.kegg.v7.4.symbols.gmt ***
DEBUG [2021-07-03 19:20:40] [ read_gmt ] checking:  length(gmt$genesets) != length(gmt$geneset.names)
DEBUG [2021-07-03 19:20:40] ...passed
INFO  [2021-07-03 19:20:40] *** [ read_gmt ] { c2.cp.kegg.v7.4.symbols.gmt } loaded successfully. ***
 	- number of pathways: { 186 }
INFO  [2021-07-03 19:20:40] ** Matching gene betweem `pertData` and  { KEGG_RNA_POLYMERASE } **
 	 - { 3 } genes matched.
 	 - Matched genes: { POLR1C, POLR2I, POLR2K }
DEBUG [2021-07-03 19:20:40] *** [ num_common_genes_sanity_check ] initialised.  ***
DEBUG [2021-07-03 19:20:40] [ num_common_genes_sanity_check ] checking:  num_common_genes < 2
DEBUG [2021-07-03 19:20:40] ...passed
INFO  [2021-07-03 19:20:40] { KEGG_RNA_POLYMERASE } has enough ( 3 ) common genes with `pertData` for consideration.
DEBUG [2021-07-03 19:20:40] *** [ num_common_genes_sanity_check ] completed.  ***
DEBUG [2021-07-03 19:20:46] *** [ read_gmt ] initialised. loading  Data/GMT/c2.cp.kegg.v7.4.symbols.gmt ***
DEBUG [2021-07-03 19:20:46] [ read_gmt ] checking:  length(gmt$genesets) != length(gmt$geneset.names)
DEBUG [2021-07-03 19:20:46] ...passed
INFO  [2021-07-03 19:20:46] *** [ read_gmt ] { c2.cp.kegg.v7.4.symbols.gmt } loaded successfully. ***
 	- number of pathways: { 186 }
INFO  [2021-07-03 19:20:46] ** Matching gene betweem `pertData` and  { KEGG_RNA_POLYMERASE } **
 	 - { 3 } genes matched.
 	 - Matched genes: { POLR1C, POLR2I, POLR2K }
DEBUG [2021-07-03 19:20:46] *** [ num_common_genes_sanity_check ] initialised.  ***
DEBUG [2021-07-03 19:20:46] [ num_common_genes_sanity_check ] checking:  num_common_genes < 2
DEBUG [2021-07-03 19:20:46] ...passed
INFO  [2021-07-03 19:20:46] { KEGG_RNA_POLYMERASE } has enough ( 3 ) common genes with `pertData` for consideration.
DEBUG [2021-07-03 19:20:46] *** [ num_common_genes_sanity_check ] completed.  ***
DEBUG [2021-07-03 19:20:46] *** [ drug_sanity_check ] initialised.  ***
DEBUG [2021-07-03 19:20:46] [ drug_sanity_check ] checking:  ncol(sensData) != ncol(pertData)
DEBUG [2021-07-03 19:20:46] ...passed
DEBUG [2021-07-03 19:20:46] [ drug_sanity_check ] checking:  all(colnames(pertData) != colnames(sensData))
DEBUG [2021-07-03 19:20:46] ...passed
DEBUG [2021-07-03 19:20:46] [ drug_sanity_check ] checking:  all(colnames(pertData) != names(strcData))
DEBUG [2021-07-03 19:20:46] ...passed
DEBUG [2021-07-03 19:20:46] [ drug_sanity_check ] checking:  ncol(sensData) != length(strcData)
DEBUG [2021-07-03 19:20:46] ...passed
DEBUG [2021-07-03 19:20:46] *** [ drug_sanity_check ] completed.  ***
DEBUG [2021-07-03 19:20:55] *** [ read_gmt ] initialised. loading  Data/GMT/c2.cp.kegg.v7.4.symbols.gmt ***
DEBUG [2021-07-03 19:20:55] [ read_gmt ] checking:  length(gmt$genesets) != length(gmt$geneset.names)
DEBUG [2021-07-03 19:20:55] ...passed
INFO  [2021-07-03 19:20:55] *** [ read_gmt ] { c2.cp.kegg.v7.4.symbols.gmt } loaded successfully. ***
 	- number of pathways: { 186 }
INFO  [2021-07-03 19:20:55] ** Matching gene betweem `pertData` and  { KEGG_RNA_POLYMERASE } **
 	 - { 3 } genes matched.
 	 - Matched genes: { POLR1C, POLR2I, POLR2K }
DEBUG [2021-07-03 19:20:55] *** [ num_common_genes_sanity_check ] initialised.  ***
DEBUG [2021-07-03 19:20:55] [ num_common_genes_sanity_check ] checking:  num_common_genes < 2
DEBUG [2021-07-03 19:20:55] ...passed
INFO  [2021-07-03 19:20:55] { KEGG_RNA_POLYMERASE } has enough ( 3 ) common genes with `pertData` for consideration.
DEBUG [2021-07-03 19:20:55] *** [ num_common_genes_sanity_check ] completed.  ***
DEBUG [2021-07-03 19:20:55] *** [ drug_sanity_check ] initialised.  ***
DEBUG [2021-07-03 19:20:55] [ drug_sanity_check ] checking:  ncol(sensData) != ncol(pertData)
DEBUG [2021-07-03 19:20:55] ...passed
DEBUG [2021-07-03 19:20:55] [ drug_sanity_check ] checking:  all(colnames(pertData) != colnames(sensData))
DEBUG [2021-07-03 19:20:55] ...passed
DEBUG [2021-07-03 19:20:55] [ drug_sanity_check ] checking:  all(colnames(pertData) != names(strcData))
DEBUG [2021-07-03 19:20:55] ...passed
DEBUG [2021-07-03 19:20:55] [ drug_sanity_check ] checking:  ncol(sensData) != length(strcData)
DEBUG [2021-07-03 19:20:55] ...passed
DEBUG [2021-07-03 19:20:55] *** [ drug_sanity_check ] completed.  ***
DEBUG [2021-07-03 19:22:14] *** [ read_gmt ] initialised. loading  Data/GMT/c2.cp.kegg.v7.4.symbols.gmt ***
DEBUG [2021-07-03 19:22:14] [ read_gmt ] checking:  length(gmt$genesets) != length(gmt$geneset.names)
DEBUG [2021-07-03 19:22:14] ...passed
INFO  [2021-07-03 19:22:14] *** [ read_gmt ] { c2.cp.kegg.v7.4.symbols.gmt } loaded successfully. ***
 	- number of pathways: { 186 }
INFO  [2021-07-03 19:22:14] ** Matching gene betweem `pertData` and  { KEGG_RNA_POLYMERASE } **
 	 - { 3 } genes matched.
 	 - Matched genes: { POLR1C, POLR2I, POLR2K }
DEBUG [2021-07-03 19:22:14] *** [ num_common_genes_sanity_check ] initialised.  ***
DEBUG [2021-07-03 19:22:14] [ num_common_genes_sanity_check ] checking:  num_common_genes < 2
DEBUG [2021-07-03 19:22:14] ...passed
INFO  [2021-07-03 19:22:14] { KEGG_RNA_POLYMERASE } has enough ( 3 ) common genes with `pertData` for consideration.
DEBUG [2021-07-03 19:22:14] *** [ num_common_genes_sanity_check ] completed.  ***
DEBUG [2021-07-03 19:22:14] *** [ drug_sanity_check ] initialised.  ***
DEBUG [2021-07-03 19:22:14] [ drug_sanity_check ] checking:  ncol(sensData) != ncol(pertData)
DEBUG [2021-07-03 19:22:14] ...passed
DEBUG [2021-07-03 19:22:14] [ drug_sanity_check ] checking:  all(colnames(pertData) != colnames(sensData))
DEBUG [2021-07-03 19:22:14] ...passed
DEBUG [2021-07-03 19:22:14] [ drug_sanity_check ] checking:  all(colnames(pertData) != names(strcData))
DEBUG [2021-07-03 19:22:14] ...passed
DEBUG [2021-07-03 19:22:14] [ drug_sanity_check ] checking:  ncol(sensData) != length(strcData)
DEBUG [2021-07-03 19:22:14] ...passed
DEBUG [2021-07-03 19:22:14] *** [ drug_sanity_check ] completed.  ***
DEBUG [2021-07-03 19:22:54] *** [ read_gmt ] initialised. loading  Data/GMT/c2.cp.kegg.v7.4.symbols.gmt ***
DEBUG [2021-07-03 19:22:54] [ read_gmt ] checking:  length(gmt$genesets) != length(gmt$geneset.names)
DEBUG [2021-07-03 19:22:54] ...passed
INFO  [2021-07-03 19:22:54] *** [ read_gmt ] { c2.cp.kegg.v7.4.symbols.gmt } loaded successfully. ***
 	- number of pathways: { 186 }
INFO  [2021-07-03 19:22:54] ** Matching gene betweem `pertData` and  { KEGG_RNA_POLYMERASE } **
 	 - { 3 } genes matched.
 	 - Matched genes: { POLR1C, POLR2I, POLR2K }
DEBUG [2021-07-03 19:22:54] *** [ num_common_genes_sanity_check ] initialised.  ***
DEBUG [2021-07-03 19:22:54] [ num_common_genes_sanity_check ] checking:  num_common_genes < 2
DEBUG [2021-07-03 19:22:54] ...passed
INFO  [2021-07-03 19:22:54] { KEGG_RNA_POLYMERASE } has enough ( 3 ) common genes with `pertData` for consideration.
DEBUG [2021-07-03 19:22:54] *** [ num_common_genes_sanity_check ] completed.  ***
DEBUG [2021-07-03 19:22:54] *** [ drug_sanity_check ] initialised.  ***
DEBUG [2021-07-03 19:22:54] [ drug_sanity_check ] checking:  ncol(sensData) != ncol(pertData)
DEBUG [2021-07-03 19:22:54] ...passed
DEBUG [2021-07-03 19:22:54] [ drug_sanity_check ] checking:  all(colnames(pertData) != colnames(sensData))
DEBUG [2021-07-03 19:22:54] ...passed
DEBUG [2021-07-03 19:22:54] [ drug_sanity_check ] checking:  all(colnames(pertData) != names(strcData))
DEBUG [2021-07-03 19:22:54] ...passed
DEBUG [2021-07-03 19:22:54] [ drug_sanity_check ] checking:  ncol(sensData) != length(strcData)
DEBUG [2021-07-03 19:22:54] ...passed
DEBUG [2021-07-03 19:22:54] *** [ drug_sanity_check ] completed.  ***
DEBUG [2021-07-03 19:24:31] *** [ read_gmt ] initialised. loading  Data/GMT/c2.cp.kegg.v7.4.symbols.gmt ***
DEBUG [2021-07-03 19:24:31] [ read_gmt ] checking:  length(gmt$genesets) != length(gmt$geneset.names)
DEBUG [2021-07-03 19:24:31] ...passed
INFO  [2021-07-03 19:24:31] *** [ read_gmt ] { c2.cp.kegg.v7.4.symbols.gmt } loaded successfully. ***
 	- number of pathways: { 186 }
INFO  [2021-07-03 19:24:31] ** Matching gene betweem `pertData` and  { KEGG_RNA_POLYMERASE } **
 	 - { 3 } genes matched.
 	 - Matched genes: { POLR1C, POLR2I, POLR2K }
DEBUG [2021-07-03 19:24:31] *** [ num_common_genes_sanity_check ] initialised.  ***
DEBUG [2021-07-03 19:24:31] [ num_common_genes_sanity_check ] checking:  num_common_genes < 2
DEBUG [2021-07-03 19:24:31] ...passed
INFO  [2021-07-03 19:24:31] { KEGG_RNA_POLYMERASE } has enough ( 3 ) common genes with `pertData` for consideration.
DEBUG [2021-07-03 19:24:31] *** [ num_common_genes_sanity_check ] completed.  ***
DEBUG [2021-07-03 19:24:31] *** [ drug_sanity_check ] initialised.  ***
DEBUG [2021-07-03 19:24:31] [ drug_sanity_check ] checking:  ncol(sensData) != ncol(pertData)
DEBUG [2021-07-03 19:24:31] ...passed
DEBUG [2021-07-03 19:24:31] [ drug_sanity_check ] checking:  all(colnames(pertData) != colnames(sensData))
DEBUG [2021-07-03 19:24:31] ...passed
DEBUG [2021-07-03 19:24:31] [ drug_sanity_check ] checking:  all(colnames(pertData) != names(strcData))
DEBUG [2021-07-03 19:24:31] ...passed
DEBUG [2021-07-03 19:24:31] [ drug_sanity_check ] checking:  ncol(sensData) != length(strcData)
DEBUG [2021-07-03 19:24:31] ...passed
DEBUG [2021-07-03 19:24:31] *** [ drug_sanity_check ] completed.  ***
DEBUG [2021-07-03 19:25:33] *** [ read_gmt ] initialised. loading  Data/GMT/c2.cp.kegg.v7.4.symbols.gmt ***
DEBUG [2021-07-03 19:25:33] [ read_gmt ] checking:  length(gmt$genesets) != length(gmt$geneset.names)
DEBUG [2021-07-03 19:25:33] ...passed
INFO  [2021-07-03 19:25:33] *** [ read_gmt ] { c2.cp.kegg.v7.4.symbols.gmt } loaded successfully. ***
 	- number of pathways: { 186 }
INFO  [2021-07-03 19:25:33] ** Matching gene betweem `pertData` and  { KEGG_RNA_POLYMERASE } **
 	 - { 3 } genes matched.
 	 - Matched genes: { POLR1C, POLR2I, POLR2K }
DEBUG [2021-07-03 19:25:33] *** [ num_common_genes_sanity_check ] initialised.  ***
DEBUG [2021-07-03 19:25:33] [ num_common_genes_sanity_check ] checking:  num_common_genes < 2
DEBUG [2021-07-03 19:25:33] ...passed
INFO  [2021-07-03 19:25:33] { KEGG_RNA_POLYMERASE } has enough ( 3 ) common genes with `pertData` for consideration.
DEBUG [2021-07-03 19:25:33] *** [ num_common_genes_sanity_check ] completed.  ***
DEBUG [2021-07-03 19:25:33] *** [ drug_sanity_check ] initialised.  ***
DEBUG [2021-07-03 19:25:33] [ drug_sanity_check ] checking:  ncol(sensData) != ncol(pertData)
DEBUG [2021-07-03 19:25:33] ...passed
DEBUG [2021-07-03 19:25:33] [ drug_sanity_check ] checking:  all(colnames(pertData) != colnames(sensData))
DEBUG [2021-07-03 19:25:33] ...passed
DEBUG [2021-07-03 19:25:33] [ drug_sanity_check ] checking:  all(colnames(pertData) != names(strcData))
DEBUG [2021-07-03 19:25:33] ...passed
DEBUG [2021-07-03 19:25:33] [ drug_sanity_check ] checking:  ncol(sensData) != length(strcData)
DEBUG [2021-07-03 19:25:33] ...passed
DEBUG [2021-07-03 19:25:33] *** [ drug_sanity_check ] completed.  ***
DEBUG [2021-07-03 19:26:37] *** [ read_gmt ] initialised. loading  Data/GMT/c2.cp.kegg.v7.4.symbols.gmt ***
DEBUG [2021-07-03 19:26:37] [ read_gmt ] checking:  length(gmt$genesets) != length(gmt$geneset.names)
DEBUG [2021-07-03 19:26:37] ...passed
INFO  [2021-07-03 19:26:37] *** [ read_gmt ] { c2.cp.kegg.v7.4.symbols.gmt } loaded successfully. ***
 	- number of pathways: { 186 }
INFO  [2021-07-03 19:26:37] ** Matching gene betweem `pertData` and  { KEGG_RNA_POLYMERASE } **
 	 - { 3 } genes matched.
 	 - Matched genes: { POLR1C, POLR2I, POLR2K }
DEBUG [2021-07-03 19:26:37] *** [ num_common_genes_sanity_check ] initialised.  ***
DEBUG [2021-07-03 19:26:37] [ num_common_genes_sanity_check ] checking:  num_common_genes < 2
DEBUG [2021-07-03 19:26:37] ...passed
INFO  [2021-07-03 19:26:37] { KEGG_RNA_POLYMERASE } has enough ( 3 ) common genes with `pertData` for consideration.
DEBUG [2021-07-03 19:26:37] *** [ num_common_genes_sanity_check ] completed.  ***
DEBUG [2021-07-03 19:26:37] *** [ drug_sanity_check ] initialised.  ***
DEBUG [2021-07-03 19:26:37] [ drug_sanity_check ] checking:  ncol(sensData) != ncol(pertData)
DEBUG [2021-07-03 19:26:37] ...passed
DEBUG [2021-07-03 19:26:37] [ drug_sanity_check ] checking:  all(colnames(pertData) != colnames(sensData))
DEBUG [2021-07-03 19:26:37] ...passed
DEBUG [2021-07-03 19:26:37] [ drug_sanity_check ] checking:  all(colnames(pertData) != names(strcData))
DEBUG [2021-07-03 19:26:37] ...passed
DEBUG [2021-07-03 19:26:37] [ drug_sanity_check ] checking:  ncol(sensData) != length(strcData)
DEBUG [2021-07-03 19:26:37] ...passed
DEBUG [2021-07-03 19:26:37] *** [ drug_sanity_check ] completed.  ***
DEBUG [2021-07-03 19:28:04] *** [ read_gmt ] initialised. loading  Data/GMT/c2.cp.kegg.v7.4.symbols.gmt ***
DEBUG [2021-07-03 19:28:04] [ read_gmt ] checking:  length(gmt$genesets) != length(gmt$geneset.names)
DEBUG [2021-07-03 19:28:04] ...passed
INFO  [2021-07-03 19:28:04] *** [ read_gmt ] { c2.cp.kegg.v7.4.symbols.gmt } loaded successfully. ***
 	- number of pathways: { 186 }
INFO  [2021-07-03 19:28:04] ** Matching gene betweem `pertData` and  { KEGG_RNA_POLYMERASE } **
 	 - { 3 } genes matched.
 	 - Matched genes: { POLR1C, POLR2I, POLR2K }
DEBUG [2021-07-03 19:28:04] *** [ num_common_genes_sanity_check ] initialised.  ***
DEBUG [2021-07-03 19:28:04] [ num_common_genes_sanity_check ] checking:  num_common_genes < 2
DEBUG [2021-07-03 19:28:04] ...passed
INFO  [2021-07-03 19:28:04] { KEGG_RNA_POLYMERASE } has enough ( 3 ) common genes with `pertData` for consideration.
DEBUG [2021-07-03 19:28:04] *** [ num_common_genes_sanity_check ] completed.  ***
DEBUG [2021-07-03 19:28:04] *** [ drug_sanity_check ] initialised.  ***
DEBUG [2021-07-03 19:28:04] [ drug_sanity_check ] checking:  ncol(sensData) != ncol(pertData)
DEBUG [2021-07-03 19:28:04] ...passed
DEBUG [2021-07-03 19:28:04] [ drug_sanity_check ] checking:  all(colnames(pertData) != colnames(sensData))
DEBUG [2021-07-03 19:28:04] ...passed
DEBUG [2021-07-03 19:28:04] [ drug_sanity_check ] checking:  all(colnames(pertData) != names(strcData))
DEBUG [2021-07-03 19:28:04] ...passed
DEBUG [2021-07-03 19:28:04] [ drug_sanity_check ] checking:  ncol(sensData) != length(strcData)
DEBUG [2021-07-03 19:28:04] ...passed
DEBUG [2021-07-03 19:28:04] *** [ drug_sanity_check ] completed.  ***
DEBUG [2021-07-03 19:28:33] *** [ read_gmt ] initialised. loading  Data/GMT/c2.cp.kegg.v7.4.symbols.gmt ***
DEBUG [2021-07-03 19:28:33] [ read_gmt ] checking:  length(gmt$genesets) != length(gmt$geneset.names)
DEBUG [2021-07-03 19:28:33] ...passed
INFO  [2021-07-03 19:28:33] *** [ read_gmt ] { c2.cp.kegg.v7.4.symbols.gmt } loaded successfully. ***
 	- number of pathways: { 186 }
INFO  [2021-07-03 19:28:33] ** Matching gene betweem `pertData` and  { KEGG_RNA_POLYMERASE } **
 	 - { 3 } genes matched.
 	 - Matched genes: { POLR1C, POLR2I, POLR2K }
DEBUG [2021-07-03 19:28:33] *** [ num_common_genes_sanity_check ] initialised.  ***
DEBUG [2021-07-03 19:28:34] [ num_common_genes_sanity_check ] checking:  num_common_genes < 2
DEBUG [2021-07-03 19:28:34] ...passed
INFO  [2021-07-03 19:28:34] { KEGG_RNA_POLYMERASE } has enough ( 3 ) common genes with `pertData` for consideration.
DEBUG [2021-07-03 19:28:34] *** [ num_common_genes_sanity_check ] completed.  ***
DEBUG [2021-07-03 19:28:34] *** [ drug_sanity_check ] initialised.  ***
DEBUG [2021-07-03 19:28:34] [ drug_sanity_check ] checking:  ncol(sensData) != ncol(pertData)
DEBUG [2021-07-03 19:28:34] ...passed
DEBUG [2021-07-03 19:28:34] [ drug_sanity_check ] checking:  all(colnames(pertData) != colnames(sensData))
DEBUG [2021-07-03 19:28:34] ...passed
DEBUG [2021-07-03 19:28:34] [ drug_sanity_check ] checking:  all(colnames(pertData) != names(strcData))
DEBUG [2021-07-03 19:28:34] ...passed
DEBUG [2021-07-03 19:28:34] [ drug_sanity_check ] checking:  ncol(sensData) != length(strcData)
DEBUG [2021-07-03 19:28:34] ...passed
DEBUG [2021-07-03 19:28:34] *** [ drug_sanity_check ] completed.  ***
DEBUG [2021-07-03 19:29:26] *** [ read_gmt ] initialised. loading  Data/GMT/c2.cp.kegg.v7.4.symbols.gmt ***
DEBUG [2021-07-03 19:29:26] [ read_gmt ] checking:  length(gmt$genesets) != length(gmt$geneset.names)
DEBUG [2021-07-03 19:29:26] ...passed
INFO  [2021-07-03 19:29:26] *** [ read_gmt ] { c2.cp.kegg.v7.4.symbols.gmt } loaded successfully. ***
 	- number of pathways: { 186 }
INFO  [2021-07-03 19:29:26] ** Matching gene betweem `pertData` and  { KEGG_RNA_POLYMERASE } **
 	 - { 3 } genes matched.
 	 - Matched genes: { POLR1C, POLR2I, POLR2K }
DEBUG [2021-07-03 19:29:26] *** [ num_common_genes_sanity_check ] initialised.  ***
DEBUG [2021-07-03 19:29:26] [ num_common_genes_sanity_check ] checking:  num_common_genes < 2
DEBUG [2021-07-03 19:29:26] ...passed
INFO  [2021-07-03 19:29:26] { KEGG_RNA_POLYMERASE } has enough ( 3 ) common genes with `pertData` for consideration.
DEBUG [2021-07-03 19:29:26] *** [ num_common_genes_sanity_check ] completed.  ***
DEBUG [2021-07-03 19:29:26] *** [ drug_sanity_check ] initialised.  ***
DEBUG [2021-07-03 19:29:26] [ drug_sanity_check ] checking:  ncol(sensData) != ncol(pertData)
DEBUG [2021-07-03 19:29:26] ...passed
DEBUG [2021-07-03 19:29:26] [ drug_sanity_check ] checking:  all(colnames(pertData) != colnames(sensData))
DEBUG [2021-07-03 19:29:26] ...passed
DEBUG [2021-07-03 19:29:26] [ drug_sanity_check ] checking:  all(colnames(pertData) != names(strcData))
DEBUG [2021-07-03 19:29:26] ...passed
DEBUG [2021-07-03 19:29:26] [ drug_sanity_check ] checking:  ncol(sensData) != length(strcData)
DEBUG [2021-07-03 19:29:26] ...passed
DEBUG [2021-07-03 19:29:26] *** [ drug_sanity_check ] completed.  ***
INFO  [2021-07-03 19:31:44] hello
INFO  [2021-07-03 19:32:23] hello
DEBUG [2021-07-03 19:32:27] *** [ read_gmt ] initialised. loading  Data/GMT/c2.cp.kegg.v7.4.symbols.gmt ***
DEBUG [2021-07-03 19:32:27] [ read_gmt ] checking:  length(gmt$genesets) != length(gmt$geneset.names)
DEBUG [2021-07-03 19:32:27] ...passed
INFO  [2021-07-03 19:32:27] *** [ read_gmt ] { c2.cp.kegg.v7.4.symbols.gmt } loaded successfully. ***
 	- number of pathways: { 186 }
INFO  [2021-07-03 19:32:27] ** Matching gene betweem `pertData` and  { KEGG_RNA_POLYMERASE } **
 	 - { 3 } genes matched.
 	 - Matched genes: { POLR1C, POLR2I, POLR2K }
DEBUG [2021-07-03 19:32:27] *** [ num_common_genes_sanity_check ] initialised.  ***
DEBUG [2021-07-03 19:32:27] [ num_common_genes_sanity_check ] checking:  num_common_genes < 2
DEBUG [2021-07-03 19:32:27] ...passed
INFO  [2021-07-03 19:32:27] { KEGG_RNA_POLYMERASE } has enough ( 3 ) common genes with `pertData` for consideration.
DEBUG [2021-07-03 19:32:27] *** [ num_common_genes_sanity_check ] completed.  ***
DEBUG [2021-07-03 19:32:27] *** [ drug_sanity_check ] initialised.  ***
DEBUG [2021-07-03 19:32:27] [ drug_sanity_check ] checking:  ncol(sensData) != ncol(pertData)
DEBUG [2021-07-03 19:32:27] ...passed
DEBUG [2021-07-03 19:32:27] [ drug_sanity_check ] checking:  all(colnames(pertData) != colnames(sensData))
DEBUG [2021-07-03 19:32:27] ...passed
DEBUG [2021-07-03 19:32:27] [ drug_sanity_check ] checking:  all(colnames(pertData) != names(strcData))
DEBUG [2021-07-03 19:32:27] ...passed
DEBUG [2021-07-03 19:32:27] [ drug_sanity_check ] checking:  ncol(sensData) != length(strcData)
DEBUG [2021-07-03 19:32:27] ...passed
DEBUG [2021-07-03 19:32:27] *** [ drug_sanity_check ] completed.  ***
INFO  [2021-07-03 19:32:28] hello
DEBUG [2021-07-03 19:32:38] *** [ read_gmt ] initialised. loading  Data/GMT/c2.cp.kegg.v7.4.symbols.gmt ***
DEBUG [2021-07-03 19:32:38] [ read_gmt ] checking:  length(gmt$genesets) != length(gmt$geneset.names)
DEBUG [2021-07-03 19:32:38] ...passed
INFO  [2021-07-03 19:32:38] *** [ read_gmt ] { c2.cp.kegg.v7.4.symbols.gmt } loaded successfully. ***
 	- number of pathways: { 186 }
INFO  [2021-07-03 19:32:38] ** Matching gene betweem `pertData` and  { KEGG_RNA_POLYMERASE } **
 	 - { 3 } genes matched.
 	 - Matched genes: { POLR1C, POLR2I, POLR2K }
DEBUG [2021-07-03 19:32:38] *** [ num_common_genes_sanity_check ] initialised.  ***
DEBUG [2021-07-03 19:32:38] [ num_common_genes_sanity_check ] checking:  num_common_genes < 2
DEBUG [2021-07-03 19:32:38] ...passed
INFO  [2021-07-03 19:32:38] { KEGG_RNA_POLYMERASE } has enough ( 3 ) common genes with `pertData` for consideration.
DEBUG [2021-07-03 19:32:38] *** [ num_common_genes_sanity_check ] completed.  ***
DEBUG [2021-07-03 19:32:38] *** [ drug_sanity_check ] initialised.  ***
DEBUG [2021-07-03 19:32:38] [ drug_sanity_check ] checking:  ncol(sensData) != ncol(pertData)
DEBUG [2021-07-03 19:32:38] ...passed
DEBUG [2021-07-03 19:32:38] [ drug_sanity_check ] checking:  all(colnames(pertData) != colnames(sensData))
DEBUG [2021-07-03 19:32:38] ...passed
DEBUG [2021-07-03 19:32:38] [ drug_sanity_check ] checking:  all(colnames(pertData) != names(strcData))
DEBUG [2021-07-03 19:32:38] ...passed
DEBUG [2021-07-03 19:32:38] [ drug_sanity_check ] checking:  ncol(sensData) != length(strcData)
DEBUG [2021-07-03 19:32:38] ...passed
DEBUG [2021-07-03 19:32:38] *** [ drug_sanity_check ] completed.  ***
DEBUG [2021-07-03 19:33:03] *** [ read_gmt ] initialised. loading  Data/GMT/c2.cp.kegg.v7.4.symbols.gmt ***
DEBUG [2021-07-03 19:33:03] [ read_gmt ] checking:  length(gmt$genesets) != length(gmt$geneset.names)
DEBUG [2021-07-03 19:33:03] ...passed
INFO  [2021-07-03 19:33:03] *** [ read_gmt ] { c2.cp.kegg.v7.4.symbols.gmt } loaded successfully. ***
 	- number of pathways: { 186 }
INFO  [2021-07-03 19:33:03] ** Matching gene betweem `pertData` and  { KEGG_RNA_POLYMERASE } **
 	 - { 3 } genes matched.
 	 - Matched genes: { POLR1C, POLR2I, POLR2K }
DEBUG [2021-07-03 19:33:03] *** [ num_common_genes_sanity_check ] initialised.  ***
DEBUG [2021-07-03 19:33:03] [ num_common_genes_sanity_check ] checking:  num_common_genes < 2
DEBUG [2021-07-03 19:33:03] ...passed
INFO  [2021-07-03 19:33:03] { KEGG_RNA_POLYMERASE } has enough ( 3 ) common genes with `pertData` for consideration.
DEBUG [2021-07-03 19:33:03] *** [ num_common_genes_sanity_check ] completed.  ***
DEBUG [2021-07-03 19:33:03] *** [ drug_sanity_check ] initialised.  ***
DEBUG [2021-07-03 19:33:03] [ drug_sanity_check ] checking:  ncol(sensData) != ncol(pertData)
DEBUG [2021-07-03 19:33:03] ...passed
DEBUG [2021-07-03 19:33:03] [ drug_sanity_check ] checking:  all(colnames(pertData) != colnames(sensData))
DEBUG [2021-07-03 19:33:03] ...passed
DEBUG [2021-07-03 19:33:03] [ drug_sanity_check ] checking:  all(colnames(pertData) != names(strcData))
DEBUG [2021-07-03 19:33:03] ...passed
DEBUG [2021-07-03 19:33:03] [ drug_sanity_check ] checking:  ncol(sensData) != length(strcData)
DEBUG [2021-07-03 19:33:03] ...passed
DEBUG [2021-07-03 19:33:03] *** [ drug_sanity_check ] completed.  ***
DEBUG [2021-07-03 19:34:19] *** [ read_gmt ] initialised. loading  Data/GMT/c2.cp.kegg.v7.4.symbols.gmt ***
DEBUG [2021-07-03 19:34:19] [ read_gmt ] checking:  length(gmt$genesets) != length(gmt$geneset.names)
DEBUG [2021-07-03 19:34:19] ...passed
INFO  [2021-07-03 19:34:19] *** [ read_gmt ] { c2.cp.kegg.v7.4.symbols.gmt } loaded successfully. ***
 	- number of pathways: { 186 }
INFO  [2021-07-03 19:34:19] ** Matching gene betweem `pertData` and  { KEGG_RNA_POLYMERASE } **
 	 - { 3 } genes matched.
 	 - Matched genes: { POLR1C, POLR2I, POLR2K }
DEBUG [2021-07-03 19:34:19] *** [ num_common_genes_sanity_check ] initialised.  ***
DEBUG [2021-07-03 19:34:19] [ num_common_genes_sanity_check ] checking:  num_common_genes < 2
DEBUG [2021-07-03 19:34:19] ...passed
INFO  [2021-07-03 19:34:19] { KEGG_RNA_POLYMERASE } has enough ( 3 ) common genes with `pertData` for consideration.
DEBUG [2021-07-03 19:34:19] *** [ num_common_genes_sanity_check ] completed.  ***
DEBUG [2021-07-03 19:34:19] *** [ drug_sanity_check ] initialised.  ***
DEBUG [2021-07-03 19:34:19] [ drug_sanity_check ] checking:  ncol(sensData) != ncol(pertData)
DEBUG [2021-07-03 19:34:19] ...passed
DEBUG [2021-07-03 19:34:19] [ drug_sanity_check ] checking:  all(colnames(pertData) != colnames(sensData))
DEBUG [2021-07-03 19:34:19] ...passed
DEBUG [2021-07-03 19:34:19] [ drug_sanity_check ] checking:  all(colnames(pertData) != names(strcData))
DEBUG [2021-07-03 19:34:19] ...passed
DEBUG [2021-07-03 19:34:19] [ drug_sanity_check ] checking:  ncol(sensData) != length(strcData)
DEBUG [2021-07-03 19:34:19] ...passed
DEBUG [2021-07-03 19:34:19] *** [ drug_sanity_check ] completed.  ***
DEBUG [2021-07-03 19:34:37] *** [ read_gmt ] initialised. loading  Data/GMT/c2.cp.kegg.v7.4.symbols.gmt ***
DEBUG [2021-07-03 19:34:37] [ read_gmt ] checking:  length(gmt$genesets) != length(gmt$geneset.names)
DEBUG [2021-07-03 19:34:37] ...passed
INFO  [2021-07-03 19:34:37] *** [ read_gmt ] { c2.cp.kegg.v7.4.symbols.gmt } loaded successfully. ***
 	- number of pathways: { 186 }
INFO  [2021-07-03 19:34:37] ** Matching gene betweem `pertData` and  { KEGG_RNA_POLYMERASE } **
 	 - { 3 } genes matched.
 	 - Matched genes: { POLR1C, POLR2I, POLR2K }
DEBUG [2021-07-03 19:34:37] *** [ num_common_genes_sanity_check ] initialised.  ***
DEBUG [2021-07-03 19:34:37] [ num_common_genes_sanity_check ] checking:  num_common_genes < 2
DEBUG [2021-07-03 19:34:37] ...passed
INFO  [2021-07-03 19:34:37] { KEGG_RNA_POLYMERASE } has enough ( 3 ) common genes with `pertData` for consideration.
DEBUG [2021-07-03 19:34:37] *** [ num_common_genes_sanity_check ] completed.  ***
DEBUG [2021-07-03 19:34:37] *** [ drug_sanity_check ] initialised.  ***
DEBUG [2021-07-03 19:34:37] [ drug_sanity_check ] checking:  ncol(sensData) != ncol(pertData)
DEBUG [2021-07-03 19:34:37] ...passed
DEBUG [2021-07-03 19:34:37] [ drug_sanity_check ] checking:  all(colnames(pertData) != colnames(sensData))
DEBUG [2021-07-03 19:34:37] ...passed
DEBUG [2021-07-03 19:34:37] [ drug_sanity_check ] checking:  all(colnames(pertData) != names(strcData))
DEBUG [2021-07-03 19:34:37] ...passed
DEBUG [2021-07-03 19:34:37] [ drug_sanity_check ] checking:  ncol(sensData) != length(strcData)
DEBUG [2021-07-03 19:34:37] ...passed
DEBUG [2021-07-03 19:34:37] *** [ drug_sanity_check ] completed.  ***
DEBUG [2021-07-03 19:34:51] *** [ read_gmt ] initialised. loading  Data/GMT/c2.cp.kegg.v7.4.symbols.gmt ***
DEBUG [2021-07-03 19:34:51] [ read_gmt ] checking:  length(gmt$genesets) != length(gmt$geneset.names)
DEBUG [2021-07-03 19:34:51] ...passed
INFO  [2021-07-03 19:34:51] *** [ read_gmt ] { c2.cp.kegg.v7.4.symbols.gmt } loaded successfully. ***
 	- number of pathways: { 186 }
INFO  [2021-07-03 19:34:51] ** Matching gene betweem `pertData` and  { KEGG_RNA_POLYMERASE } **
 	 - { 3 } genes matched.
 	 - Matched genes: { POLR1C, POLR2I, POLR2K }
DEBUG [2021-07-03 19:34:51] *** [ num_common_genes_sanity_check ] initialised.  ***
DEBUG [2021-07-03 19:34:51] [ num_common_genes_sanity_check ] checking:  num_common_genes < 2
DEBUG [2021-07-03 19:34:51] ...passed
INFO  [2021-07-03 19:34:51] { KEGG_RNA_POLYMERASE } has enough ( 3 ) common genes with `pertData` for consideration.
DEBUG [2021-07-03 19:34:51] *** [ num_common_genes_sanity_check ] completed.  ***
DEBUG [2021-07-03 19:34:51] *** [ drug_sanity_check ] initialised.  ***
DEBUG [2021-07-03 19:34:51] [ drug_sanity_check ] checking:  ncol(sensData) != ncol(pertData)
DEBUG [2021-07-03 19:34:51] ...passed
DEBUG [2021-07-03 19:34:51] [ drug_sanity_check ] checking:  all(colnames(pertData) != colnames(sensData))
DEBUG [2021-07-03 19:34:51] ...passed
DEBUG [2021-07-03 19:34:51] [ drug_sanity_check ] checking:  all(colnames(pertData) != names(strcData))
DEBUG [2021-07-03 19:34:51] ...passed
DEBUG [2021-07-03 19:34:51] [ drug_sanity_check ] checking:  ncol(sensData) != length(strcData)
DEBUG [2021-07-03 19:34:51] ...passed
DEBUG [2021-07-03 19:34:51] *** [ drug_sanity_check ] completed.  ***
DEBUG [2021-07-03 19:35:41] *** [ read_gmt ] initialised. loading  Data/GMT/c2.cp.kegg.v7.4.symbols.gmt ***
DEBUG [2021-07-03 19:35:41] [ read_gmt ] checking:  length(gmt$genesets) != length(gmt$geneset.names)
DEBUG [2021-07-03 19:35:41] ...passed
INFO  [2021-07-03 19:35:41] *** [ read_gmt ] { c2.cp.kegg.v7.4.symbols.gmt } loaded successfully. ***
 	- number of pathways: { 186 }
INFO  [2021-07-03 19:35:41] ** Matching gene betweem `pertData` and  { KEGG_RNA_POLYMERASE } **
 	 - { 3 } genes matched.
 	 - Matched genes: { POLR1C, POLR2I, POLR2K }
DEBUG [2021-07-03 19:35:41] *** [ num_common_genes_sanity_check ] initialised.  ***
DEBUG [2021-07-03 19:35:41] [ num_common_genes_sanity_check ] checking:  num_common_genes < 2
DEBUG [2021-07-03 19:35:41] ...passed
INFO  [2021-07-03 19:35:41] { KEGG_RNA_POLYMERASE } has enough ( 3 ) common genes with `pertData` for consideration.
DEBUG [2021-07-03 19:35:41] *** [ num_common_genes_sanity_check ] completed.  ***
DEBUG [2021-07-03 19:35:41] *** [ drug_sanity_check ] initialised.  ***
DEBUG [2021-07-03 19:35:41] [ drug_sanity_check ] checking:  ncol(sensData) != ncol(pertData)
DEBUG [2021-07-03 19:35:41] ...passed
DEBUG [2021-07-03 19:35:41] [ drug_sanity_check ] checking:  all(colnames(pertData) != colnames(sensData))
DEBUG [2021-07-03 19:35:41] ...passed
DEBUG [2021-07-03 19:35:41] [ drug_sanity_check ] checking:  all(colnames(pertData) != names(strcData))
DEBUG [2021-07-03 19:35:41] ...passed
DEBUG [2021-07-03 19:35:41] [ drug_sanity_check ] checking:  ncol(sensData) != length(strcData)
DEBUG [2021-07-03 19:35:41] ...passed
DEBUG [2021-07-03 19:35:41] *** [ drug_sanity_check ] completed.  ***
DEBUG [2021-07-03 19:35:53] *** [ read_gmt ] initialised. loading  Data/GMT/c2.cp.kegg.v7.4.symbols.gmt ***
DEBUG [2021-07-03 19:35:53] [ read_gmt ] checking:  length(gmt$genesets) != length(gmt$geneset.names)
DEBUG [2021-07-03 19:35:53] ...passed
INFO  [2021-07-03 19:35:53] *** [ read_gmt ] { c2.cp.kegg.v7.4.symbols.gmt } loaded successfully. ***
 	- number of pathways: { 186 }
INFO  [2021-07-03 19:35:53] ** Matching gene betweem `pertData` and  { KEGG_RNA_POLYMERASE } **
 	 - { 3 } genes matched.
 	 - Matched genes: { POLR1C, POLR2I, POLR2K }
DEBUG [2021-07-03 19:35:53] *** [ num_common_genes_sanity_check ] initialised.  ***
DEBUG [2021-07-03 19:35:53] [ num_common_genes_sanity_check ] checking:  num_common_genes < 2
DEBUG [2021-07-03 19:35:53] ...passed
INFO  [2021-07-03 19:35:53] { KEGG_RNA_POLYMERASE } has enough ( 3 ) common genes with `pertData` for consideration.
DEBUG [2021-07-03 19:35:53] *** [ num_common_genes_sanity_check ] completed.  ***
DEBUG [2021-07-03 19:35:53] *** [ drug_sanity_check ] initialised.  ***
DEBUG [2021-07-03 19:35:53] [ drug_sanity_check ] checking:  ncol(sensData) != ncol(pertData)
DEBUG [2021-07-03 19:35:53] ...passed
DEBUG [2021-07-03 19:35:53] [ drug_sanity_check ] checking:  all(colnames(pertData) != colnames(sensData))
DEBUG [2021-07-03 19:35:53] ...passed
DEBUG [2021-07-03 19:35:53] [ drug_sanity_check ] checking:  all(colnames(pertData) != names(strcData))
DEBUG [2021-07-03 19:35:53] ...passed
DEBUG [2021-07-03 19:35:53] [ drug_sanity_check ] checking:  ncol(sensData) != length(strcData)
DEBUG [2021-07-03 19:35:53] ...passed
DEBUG [2021-07-03 19:35:53] *** [ drug_sanity_check ] completed.  ***
DEBUG [2021-07-03 19:35:54] *** [ dimension_sanity_check ] initialised.  ***
