DEBUG [2021-07-04 01:42:59] *** [ read_gmt ] initialised. loading  Data/GMT/c2.cp.kegg.v7.4.symbols.gmt ***
DEBUG [2021-07-04 01:42:59] [ read_gmt ] checking:  length(gmt$genesets) != length(gmt$geneset.names)
DEBUG [2021-07-04 01:42:59] ...passed
INFO  [2021-07-04 01:42:59] *** [ read_gmt ] { c2.cp.kegg.v7.4.symbols.gmt } loaded successfully. ***
 	- number of pathways: { 186 }
DEBUG [2021-07-04 01:54:13] *** [ read_gmt ] initialised. loading  Data/GMT/c2.cp.kegg.v7.4.symbols.gmt ***
DEBUG [2021-07-04 01:54:13] [ read_gmt ] checking:  length(gmt$genesets) != length(gmt$geneset.names)
DEBUG [2021-07-04 01:54:13] ...passed
INFO  [2021-07-04 01:54:13] *** [ read_gmt ] { c2.cp.kegg.v7.4.symbols.gmt } loaded successfully. ***
 	- number of pathways: { 186 }
DEBUG [2021-07-04 14:04:19] *** [ read_gmt ] initialised. loading  Data/GMT/c2.cp.kegg.v7.4.symbols.gmt ***
DEBUG [2021-07-04 14:04:19] [ read_gmt ] checking:  length(gmt$genesets) != length(gmt$geneset.names)
DEBUG [2021-07-04 14:04:19] ...passed
INFO  [2021-07-04 14:04:19] *** [ read_gmt ] { c2.cp.kegg.v7.4.symbols.gmt } loaded successfully. ***
 	- number of pathways: { 186 }
DEBUG [2021-07-04 14:14:41] *** [ read_gmt ] initialised. loading  Data/GMT/c2.cp.kegg.v7.4.symbols.gmt ***
DEBUG [2021-07-04 14:14:41] [ read_gmt ] checking:  length(gmt$genesets) != length(gmt$geneset.names)
DEBUG [2021-07-04 14:14:41] ...passed
INFO  [2021-07-04 14:14:41] *** [ read_gmt ] { c2.cp.kegg.v7.4.symbols.gmt } loaded successfully. ***
 	- number of pathways: { 186 }
DEBUG [2021-07-04 14:15:24] *** [ read_gmt ] initialised. loading  Data/GMT/c2.cp.kegg.v7.4.symbols.gmt ***
DEBUG [2021-07-04 14:15:24] [ read_gmt ] checking:  length(gmt$genesets) != length(gmt$geneset.names)
DEBUG [2021-07-04 14:15:24] ...passed
INFO  [2021-07-04 14:15:24] *** [ read_gmt ] { c2.cp.kegg.v7.4.symbols.gmt } loaded successfully. ***
 	- number of pathways: { 186 }
DEBUG [2021-07-04 14:16:59] *** [ read_gmt ] initialised. loading  Data/GMT/c2.cp.kegg.v7.4.symbols.gmt ***
DEBUG [2021-07-04 14:16:59] [ read_gmt ] checking:  length(gmt$genesets) != length(gmt$geneset.names)
DEBUG [2021-07-04 14:16:59] ...passed
INFO  [2021-07-04 14:16:59] *** [ read_gmt ] { c2.cp.kegg.v7.4.symbols.gmt } loaded successfully. ***
 	- number of pathways: { 186 }
DEBUG [2021-07-04 14:17:51] *** [ read_gmt ] initialised. loading  Data/GMT/c2.cp.kegg.v7.4.symbols.gmt ***
DEBUG [2021-07-04 14:17:51] [ read_gmt ] checking:  length(gmt$genesets) != length(gmt$geneset.names)
DEBUG [2021-07-04 14:17:51] ...passed
INFO  [2021-07-04 14:17:51] *** [ read_gmt ] { c2.cp.kegg.v7.4.symbols.gmt } loaded successfully. ***
 	- number of pathways: { 186 }
INFO  [2021-07-04 14:51:07] *** [ read_gmt ] { c2.cp.kegg.v7.4.symbols.gmt } loaded successfully. ***
 	- number of pathways: { 186 }
INFO  [2021-07-04 14:51:07] *** [ read_gmt ] { c2.cp.reactome.v7.4.symbols.gmt } loaded successfully. ***
 	- number of pathways: { 1604 }
INFO  [2021-07-04 15:20:22] *** [ read_gmt ] { c2.cp.kegg.v7.4.symbols.gmt } loaded successfully. ***
 	- number of pathways: { 186 }
INFO  [2021-07-04 15:22:17] *** [ read_gmt ] { c2.cp.reactome.v7.4.symbols.gmt } loaded successfully. ***
 	- number of pathways: { 1604 }
INFO  [2021-07-04 18:11:16] *** [ read_gmt ] { c2.cp.kegg.v7.4.symbols.gmt } loaded successfully. ***
 	- number of pathways: { 186 }
INFO  [2021-07-04 18:13:17] *** [ read_gmt ] { c2.cp.reactome.v7.4.symbols.gmt } loaded successfully. ***
 	- number of pathways: { 1604 }
