INFO  [2021-07-02 19:36:50] Loading  Data/GMT/c2.cp.kegg.v7.4.symbols.gmt
DEBUG [2021-07-02 19:42:32] Loading  Data/GMT/c2.cp.kegg.v7.4.symbols.gmt
DEBUG [2021-07-02 19:42:32] *.gmt file load successfully.
DEBUG [2021-07-02 20:28:25] Loading  Data/GMT/c2.cp.kegg.v7.4.symbols.gmt
DEBUG [2021-07-02 20:28:44] Loading  Data/GMT/c2.cp.kegg.v7.4.symbols.gmt
DEBUG [2021-07-02 20:28:44] Data/GMT/c2.cp.kegg.v7.4.symbols.gmt loaded successfully.
INFO  [2021-07-02 20:28:44] Data/GMT/c2.cp.kegg.v7.4.symbols.gmt has  186 pathways.
DEBUG [2021-07-02 20:32:33] Loading  Data/GMT/c2.cp.kegg.v7.4.symbols.gmt
DEBUG [2021-07-02 20:32:33] c2.cp.kegg.v7.4.symbols.gmt loaded successfully.
INFO  [2021-07-02 20:32:33] c2.cp.kegg.v7.4.symbols.gmt has  186 pathways.
DEBUG [2021-07-02 20:38:11] Loading  Data/GMT/c2.cp.kegg.v7.4.symbols.gmt
DEBUG [2021-07-02 20:38:11] c2.cp.kegg.v7.4.symbols.gmt loaded successfully.
INFO  [2021-07-02 20:38:11] c2.cp.kegg.v7.4.symbols.gmt has  186 pathways.
DEBUG [2021-07-02 22:51:38] Loading  Data/GMT/c2.cp.kegg.v7.4.symbols.gmt
DEBUG [2021-07-02 22:51:38] c2.cp.kegg.v7.4.symbols.gmt loaded successfully.
INFO  [2021-07-02 22:51:38] c2.cp.kegg.v7.4.symbols.gmt has  186 pathways.
INFO  [2021-07-02 22:51:38] [ 1 ] common genes between pertData and pathway [ KEGG_N_GLYCAN_BIOSYNTHESIS ]:  RPN1
DEBUG [2021-07-02 22:52:58] Loading  Data/GMT/c2.cp.kegg.v7.4.symbols.gmt
DEBUG [2021-07-02 22:52:58] c2.cp.kegg.v7.4.symbols.gmt loaded successfully.
INFO  [2021-07-02 22:52:58] c2.cp.kegg.v7.4.symbols.gmt has  186 pathways.
INFO  [2021-07-02 22:52:58] {{ 1 }} common genes between pertData and pathway {{ KEGG_N_GLYCAN_BIOSYNTHESIS }}: {{ RPN1 }}
DEBUG [2021-07-02 22:58:52] Loading  Data/GMT/c2.cp.kegg.v7.4.symbols.gmt
DEBUG [2021-07-02 22:58:52] c2.cp.kegg.v7.4.symbols.gmt loaded successfully.
INFO  [2021-07-02 22:58:52] c2.cp.kegg.v7.4.symbols.gmt has  186 pathways.
INFO  [2021-07-02 22:58:52] {{ 1 }} common genes between pertData and pathway {{ KEGG_N_GLYCAN_BIOSYNTHESIS }}: {{ RPN1 }}
DEBUG [2021-07-02 23:00:01] Loading  Data/GMT/c2.cp.kegg.v7.4.symbols.gmt
DEBUG [2021-07-02 23:00:01] c2.cp.kegg.v7.4.symbols.gmt loaded successfully.
INFO  [2021-07-02 23:00:01] c2.cp.kegg.v7.4.symbols.gmt has  186 pathways.
INFO  [2021-07-02 23:00:01] {{ 1 }} common genes between pertData and pathway {{ KEGG_N_GLYCAN_BIOSYNTHESIS }}: {{ RPN1 }}
DEBUG [2021-07-02 23:12:01] Loading  Data/GMT/c2.cp.kegg.v7.4.symbols.gmt
DEBUG [2021-07-02 23:12:01] c2.cp.kegg.v7.4.symbols.gmt loaded successfully.
INFO  [2021-07-02 23:12:01] c2.cp.kegg.v7.4.symbols.gmt has  186 pathways.
INFO  [2021-07-02 23:12:01] {{ 1 }} common genes between pertData and pathway {{ KEGG_N_GLYCAN_BIOSYNTHESIS }}: {{ RPN1 }}
DEBUG [2021-07-02 23:16:09] Loading  Data/GMT/c2.cp.kegg.v7.4.symbols.gmt
DEBUG [2021-07-02 23:16:09] c2.cp.kegg.v7.4.symbols.gmt loaded successfully.
INFO  [2021-07-02 23:16:09] c2.cp.kegg.v7.4.symbols.gmt has  186 pathways.
INFO  [2021-07-02 23:16:09] {{ 1 }} common genes between pertData and pathway {{ KEGG_N_GLYCAN_BIOSYNTHESIS }}: {{ RPN1 }}
DEBUG [2021-07-02 23:16:33] Loading  Data/GMT/c2.cp.kegg.v7.4.symbols.gmt
DEBUG [2021-07-02 23:16:33] c2.cp.kegg.v7.4.symbols.gmt loaded successfully.
INFO  [2021-07-02 23:16:33] c2.cp.kegg.v7.4.symbols.gmt has  186 pathways.
INFO  [2021-07-02 23:16:33] {{ 1 }} common genes between pertData and pathway {{ KEGG_N_GLYCAN_BIOSYNTHESIS }}: {{ RPN1 }}
DEBUG [2021-07-02 23:17:49] Loading  Data/GMT/c2.cp.kegg.v7.4.symbols.gmt
DEBUG [2021-07-02 23:17:49] c2.cp.kegg.v7.4.symbols.gmt loaded successfully.
INFO  [2021-07-02 23:17:49] c2.cp.kegg.v7.4.symbols.gmt has  186 pathways.
INFO  [2021-07-02 23:17:49] {{ 1 }} common genes between pertData and pathway {{ KEGG_N_GLYCAN_BIOSYNTHESIS }}: {{ RPN1 }}
DEBUG [2021-07-02 23:18:54] Loading  Data/GMT/c2.cp.kegg.v7.4.symbols.gmt
DEBUG [2021-07-02 23:18:54] c2.cp.kegg.v7.4.symbols.gmt loaded successfully.
INFO  [2021-07-02 23:18:54] c2.cp.kegg.v7.4.symbols.gmt has  186 pathways.
INFO  [2021-07-02 23:18:54] {{ 1 }} common genes between pertData and pathway {{ KEGG_N_GLYCAN_BIOSYNTHESIS }}: {{ RPN1 }}
DEBUG [2021-07-02 23:22:30] Loading  Data/GMT/c2.cp.kegg.v7.4.symbols.gmt
DEBUG [2021-07-02 23:22:30] c2.cp.kegg.v7.4.symbols.gmt loaded successfully.
INFO  [2021-07-02 23:22:30] c2.cp.kegg.v7.4.symbols.gmt has  186 pathways.
INFO  [2021-07-02 23:22:30] {{ 1 }} common genes between pertData and pathway {{ KEGG_N_GLYCAN_BIOSYNTHESIS }}: {{ RPN1 }}
DEBUG [2021-07-02 23:29:29] Loading  Data/GMT/c2.cp.kegg.v7.4.symbols.gmt
DEBUG [2021-07-02 23:29:29] c2.cp.kegg.v7.4.symbols.gmt loaded successfully.
INFO  [2021-07-02 23:29:29] c2.cp.kegg.v7.4.symbols.gmt has  186 pathways.
INFO  [2021-07-02 23:29:29] {{ 1 }} common genes between pertData and pathway {{ KEGG_N_GLYCAN_BIOSYNTHESIS }}: {{ RPN1 }}
DEBUG [2021-07-02 23:41:45] Loading  Data/GMT/c2.cp.kegg.v7.4.symbols.gmt
DEBUG [2021-07-02 23:41:45] c2.cp.kegg.v7.4.symbols.gmt loaded successfully.
INFO  [2021-07-02 23:41:45] c2.cp.kegg.v7.4.symbols.gmt has  186 pathways.
INFO  [2021-07-02 23:41:45] {{ 1 }} common genes between pertData and pathway {{ KEGG_N_GLYCAN_BIOSYNTHESIS }}: {{ RPN1 }}
DEBUG [2021-07-02 23:46:15] Loading  Data/GMT/c2.cp.kegg.v7.4.symbols.gmt
DEBUG [2021-07-02 23:46:15] c2.cp.kegg.v7.4.symbols.gmt loaded successfully.
INFO  [2021-07-02 23:46:15] c2.cp.kegg.v7.4.symbols.gmt has  186 pathways.
INFO  [2021-07-02 23:46:15] {{ 1 }} common genes between pertData and pathway {{ KEGG_N_GLYCAN_BIOSYNTHESIS }}: {{ RPN1 }}
DEBUG [2021-07-02 23:48:19] Loading  Data/GMT/c2.cp.kegg.v7.4.symbols.gmt
DEBUG [2021-07-02 23:48:19] c2.cp.kegg.v7.4.symbols.gmt loaded successfully.
INFO  [2021-07-02 23:48:19] c2.cp.kegg.v7.4.symbols.gmt has  186 pathways.
INFO  [2021-07-02 23:48:19] {{ 1 }} common genes between pertData and pathway {{ KEGG_N_GLYCAN_BIOSYNTHESIS }}: {{ RPN1 }}
ERROR [2021-07-02 23:48:19] drug_sanity_check failed. REASON: ames(pertData) != names(strcData))
DEBUG [2021-07-02 23:51:05] Loading  Data/GMT/c2.cp.kegg.v7.4.symbols.gmt
DEBUG [2021-07-02 23:51:05] c2.cp.kegg.v7.4.symbols.gmt loaded successfully.
INFO  [2021-07-02 23:51:05] c2.cp.kegg.v7.4.symbols.gmt has  186 pathways.
INFO  [2021-07-02 23:51:05] {{ 1 }} common genes between pertData and pathway {{ KEGG_N_GLYCAN_BIOSYNTHESIS }}: {{ RPN1 }}
ERROR [2021-07-02 23:51:05] drug_sanity_check failed. REASON: ncol(sensData) != length(strcData)
DEBUG [2021-07-02 23:54:08] Loading  Data/GMT/c2.cp.kegg.v7.4.symbols.gmt
DEBUG [2021-07-02 23:54:08] c2.cp.kegg.v7.4.symbols.gmt loaded successfully.
INFO  [2021-07-02 23:54:08] c2.cp.kegg.v7.4.symbols.gmt has  186 pathways.
INFO  [2021-07-02 23:54:08] {{ 1 }} common genes between pertData and pathway {{ KEGG_N_GLYCAN_BIOSYNTHESIS }}: {{ RPN1 }}
ERROR [2021-07-02 23:54:08] drug_sanity_check failed. REASON: names(pertData) != names(strcData))
DEBUG [2021-07-02 23:57:16] Loading  Data/GMT/c2.cp.kegg.v7.4.symbols.gmt
DEBUG [2021-07-02 23:57:16] c2.cp.kegg.v7.4.symbols.gmt loaded successfully.
INFO  [2021-07-02 23:57:16] c2.cp.kegg.v7.4.symbols.gmt has  186 pathways.
INFO  [2021-07-02 23:57:16] {{ 1 }} common genes between pertData and pathway {{ KEGG_N_GLYCAN_BIOSYNTHESIS }}: {{ RPN1 }}
INFO  [2021-07-02 23:57:16] drug_sanity_check passed.
DEBUG [2021-07-02 23:59:12] Loading  Data/GMT/c2.cp.kegg.v7.4.symbols.gmt
DEBUG [2021-07-02 23:59:12] c2.cp.kegg.v7.4.symbols.gmt loaded successfully.
INFO  [2021-07-02 23:59:12] c2.cp.kegg.v7.4.symbols.gmt has  186 pathways.
INFO  [2021-07-02 23:59:12] {{ 1 }} common genes between pertData and pathway {{ KEGG_N_GLYCAN_BIOSYNTHESIS }}: {{ RPN1 }}
INFO  [2021-07-02 23:59:12] drug_sanity_check passed.
